Log file open, 11/20/20 22:07:46
LogInit: Display: Running engine for game: playground_001
LogPlatformFile: Not using cached read wrapper
LogTaskGraph: Started task graph with 5 named threads and 35 total threads with 3 sets of task threads.
LogStats: Stats thread started at 0.272378
LogD3D11RHI: Loaded GFSDK_Aftermath_Lib.x64.dll
LogICUInternationalization: ICU TimeZone Detection - Raw Offset: +1:00, Platform Override: ''
LogPluginManager: Mounting plugin Paper2D
LogPluginManager: Mounting plugin AISupport
LogPluginManager: Mounting plugin LiveLink
LogPluginManager: Mounting plugin LightPropagationVolume
LogPluginManager: Mounting plugin CameraShakePreviewer
LogPluginManager: Mounting plugin ActorLayerUtilities
LogPluginManager: Mounting plugin AnimationSharing
LogPluginManager: Mounting plugin CLionSourceCodeAccess
LogPluginManager: Mounting plugin CodeLiteSourceCodeAccess
LogPluginManager: Mounting plugin GitSourceControl
LogPluginManager: Mounting plugin KDevelopSourceCodeAccess
LogPluginManager: Mounting plugin NullSourceCodeAccess
LogPluginManager: Mounting plugin PerforceSourceControl
LogPluginManager: Mounting plugin PlasticSourceControl
LogPluginManager: Mounting plugin RiderSourceCodeAccess
LogPluginManager: Mounting plugin SubversionSourceControl
LogPluginManager: Mounting plugin UObjectPlugin
LogPluginManager: Mounting plugin VisualStudioCodeSourceCodeAccess
LogPluginManager: Mounting plugin VisualStudioSourceCodeAccess
LogPluginManager: Mounting plugin XCodeSourceCodeAccess
LogPluginManager: Mounting plugin AssetManagerEditor
LogPluginManager: Mounting plugin CryptoKeys
LogPluginManager: Mounting plugin CurveEditorTools
LogPluginManager: Mounting plugin DataValidation
LogPluginManager: Mounting plugin EditorScriptingUtilities
LogPluginManager: Mounting plugin FacialAnimation
LogPluginManager: Mounting plugin GameplayTagsEditor
LogPluginManager: Mounting plugin GeometryMode
LogPluginManager: Mounting plugin MacGraphicsSwitching
LogPluginManager: Mounting plugin MaterialAnalyzer
LogPluginManager: Mounting plugin MobileLauncherProfileWizard
LogPluginManager: Mounting plugin PluginBrowser
LogPluginManager: Mounting plugin SpeedTreeImporter
LogPluginManager: Mounting plugin DatasmithContent
LogPluginManager: Mounting plugin VariantManagerContent
LogPluginManager: Mounting plugin AlembicImporter
LogPluginManager: Mounting plugin AutomationUtils
LogPluginManager: Mounting plugin BackChannel
LogPluginManager: Mounting plugin ChaosCloth
LogPluginManager: Mounting plugin ChaosClothEditor
LogPluginManager: Mounting plugin ChaosEditor
LogPluginManager: Mounting plugin ChaosNiagara
LogPluginManager: Mounting plugin ChaosSolverPlugin
LogPluginManager: Mounting plugin CharacterAI
LogPluginManager: Mounting plugin GeometryCache
LogPluginManager: Mounting plugin GeometryCollectionPlugin
LogPluginManager: Mounting plugin GeometryProcessing
LogPluginManager: Mounting plugin PlanarCut
LogPluginManager: Mounting plugin PlatformCrypto
LogPluginManager: Mounting plugin ProxyLODPlugin
LogPluginManager: Mounting plugin SkeletalReduction
LogPluginManager: Mounting plugin Niagara
LogPluginManager: Mounting plugin MagicLeap
LogPluginManager: Mounting plugin MagicLeapLightEstimation
LogPluginManager: Mounting plugin MagicLeapMedia
LogPluginManager: Mounting plugin MagicLeapPassableWorld
LogPluginManager: Mounting plugin MLSDK
LogPluginManager: Mounting plugin AndroidMedia
LogPluginManager: Mounting plugin AvfMedia
LogPluginManager: Mounting plugin ImgMedia
LogPluginManager: Mounting plugin MediaCompositing
LogPluginManager: Mounting plugin MediaPlayerEditor
LogPluginManager: Mounting plugin WebMMedia
LogPluginManager: Mounting plugin WmfMedia
LogPluginManager: Mounting plugin MeshPainting
LogPluginManager: Mounting plugin TcpMessaging
LogPluginManager: Mounting plugin UdpMessaging
LogPluginManager: Mounting plugin ActorSequence
LogPluginManager: Mounting plugin LevelSequenceEditor
LogPluginManager: Mounting plugin MatineeToLevelSequence
LogPluginManager: Mounting plugin MovieRenderPipeline
LogPluginManager: Mounting plugin TemplateSequence
LogPluginManager: Mounting plugin NetcodeUnitTest
LogPluginManager: Mounting plugin NUTUnrealEngine4
LogPluginManager: Mounting plugin OnlineSubsystemGooglePlay
LogPluginManager: Mounting plugin OnlineSubsystemIOS
LogPluginManager: Mounting plugin OnlineSubsystem
LogPluginManager: Mounting plugin OnlineSubsystemNull
LogPluginManager: Mounting plugin OnlineSubsystemUtils
LogPluginManager: Mounting plugin LauncherChunkInstaller
LogPluginManager: Mounting plugin AndroidDeviceProfileSelector
LogPluginManager: Mounting plugin AndroidMoviePlayer
LogPluginManager: Mounting plugin AndroidPermission
LogPluginManager: Mounting plugin AppleImageUtils
LogPluginManager: Mounting plugin AppleMoviePlayer
LogPluginManager: Mounting plugin HoloLensAR
LogPluginManager: Mounting plugin ArchVisCharacter
LogPluginManager: Mounting plugin AssetTags
LogPluginManager: Mounting plugin AudioCapture
LogPluginManager: Mounting plugin CableComponent
LogPluginManager: Mounting plugin CustomMeshComponent
LogPluginManager: Mounting plugin EditableMesh
LogPluginManager: Mounting plugin ExampleDeviceProfileSelector
LogPluginManager: Mounting plugin GoogleCloudMessaging
LogPluginManager: Mounting plugin GooglePAD
LogPluginManager: Mounting plugin IOSDeviceProfileSelector
LogPluginManager: Mounting plugin LinuxDeviceProfileSelector
LogPluginManager: Mounting plugin LocationServicesBPLibrary
LogPluginManager: Mounting plugin MobilePatchingUtils
LogPluginManager: Mounting plugin OculusVR
LogPluginManager: Mounting plugin PhysXVehicles
LogPluginManager: Mounting plugin PostSplashScreen
LogPluginManager: Mounting plugin ProceduralMeshComponent
LogPluginManager: Mounting plugin RuntimePhysXCooking
LogPluginManager: Mounting plugin SignificanceManager
LogPluginManager: Mounting plugin SoundFields
LogPluginManager: Mounting plugin SteamVR
LogPluginManager: Mounting plugin Synthesis
LogPluginManager: Mounting plugin WebMMoviePlayer
LogPluginManager: Mounting plugin WindowsMixedReality
LogPluginManager: Mounting plugin WindowsMoviePlayer
LogPluginManager: Mounting plugin ScreenshotTools
LogPluginManager: Mounting plugin Takes
LogPluginManager: Mounting plugin UXTools
LogInit: Using libcurl 7.55.1-DEV
LogInit:  - built for x86_64-pc-win32
LogInit:  - supports SSL with OpenSSL/1.1.1
LogInit:  - supports HTTP deflate (compression) using libz 1.2.8
LogInit:  - other features:
LogInit:      CURL_VERSION_SSL
LogInit:      CURL_VERSION_LIBZ
LogInit:      CURL_VERSION_IPV6
LogInit:      CURL_VERSION_ASYNCHDNS
LogInit:      CURL_VERSION_LARGEFILE
LogInit:      CURL_VERSION_IDN
LogInit:  CurlRequestOptions (configurable via config and command line):
LogInit:  - bVerifyPeer = true  - Libcurl will verify peer certificate
LogInit:  - bUseHttpProxy = false  - Libcurl will NOT use HTTP proxy
LogInit:  - bDontReuseConnections = false  - Libcurl will reuse connections
LogInit:  - MaxHostConnections = 16  - Libcurl will limit the number of connections to a host
LogInit:  - LocalHostAddr = Default
LogInit:  - BufferSize = 65536
LogOnline: OSS: Creating online subsystem instance for: NULL
LogInit: WinSock: version 1.1 (2.2), MaxSocks=32767, MaxUdp=65467
LogOnline: OSS: TryLoadSubsystemAndSetDefault: Loaded subsystem for module [NULL]
LogInit: Build: ++UE4+Release-4.25-CL-14469661
LogInit: Engine Version: 4.25.4-14469661+++UE4+Release-4.25
LogInit: Compatible Engine Version: 4.25.0-13144385+++UE4+Release-4.25
LogInit: Net CL: 13144385
LogInit: OS: Windows 10 (Release 1909) (), CPU: Intel(R) Core(TM) i7-9750H CPU @ 2.60GHz, GPU: Intel(R) UHD Graphics 630
LogInit: Compiled (64-bit): Oct 11 2020 08:10:49
LogInit: Compiled with Visual C++: 19.24.28315.00
LogInit: Build Configuration: Development
LogInit: Branch Name: ++UE4+Release-4.25
LogInit: Command Line: 
LogInit: Base Directory: D:/Programs/UnrealEngine/UE_4.25/Engine/Binaries/Win64/
LogInit: Allocator: TBB
LogInit: Installed Engine Build: 1
LogDevObjectVersion: Number of dev versions registered: 26
LogDevObjectVersion:   Dev-Blueprints (B0D832E4-1F89-4F0D-ACCF-7EB736FD4AA2): 10
LogDevObjectVersion:   Dev-Build (E1C64328-A22C-4D53-A36C-8E866417BD8C): 0
LogDevObjectVersion:   Dev-Core (375EC13C-06E4-48FB-B500-84F0262A717E): 4
LogDevObjectVersion:   Dev-Editor (E4B068ED-F494-42E9-A231-DA0B2E46BB41): 38
LogDevObjectVersion:   Dev-Framework (CFFC743F-43B0-4480-9391-14DF171D2073): 37
LogDevObjectVersion:   Dev-Mobile (B02B49B5-BB20-44E9-A304-32B752E40360): 2
LogDevObjectVersion:   Dev-Networking (A4E4105C-59A1-49B5-A7C5-40C4547EDFEE): 0
LogDevObjectVersion:   Dev-Online (39C831C9-5AE6-47DC-9A44-9C173E1C8E7C): 0
LogDevObjectVersion:   Dev-Physics (78F01B33-EBEA-4F98-B9B4-84EACCB95AA2): 4
LogDevObjectVersion:   Dev-Platform (6631380F-2D4D-43E0-8009-CF276956A95A): 0
LogDevObjectVersion:   Dev-Rendering (12F88B9F-8875-4AFC-A67C-D90C383ABD29): 43
LogDevObjectVersion:   Dev-Sequencer (7B5AE74C-D270-4C10-A958-57980B212A5A): 12
LogDevObjectVersion:   Dev-VR (D7296918-1DD6-4BDD-9DE2-64A83CC13884): 3
LogDevObjectVersion:   Dev-LoadTimes (C2A15278-BFE7-4AFE-6C17-90FF531DF755): 1
LogDevObjectVersion:   Private-Geometry (6EACA3D4-40EC-4CC1-B786-8BED09428FC5): 3
LogDevObjectVersion:   Dev-AnimPhys (29E575DD-E0A3-4627-9D10-D276232CDCEA): 17
LogDevObjectVersion:   Dev-Anim (AF43A65D-7FD3-4947-9873-3E8ED9C1BB05): 7
LogDevObjectVersion:   Dev-ReflectionCapture (6B266CEC-1EC7-4B8F-A30B-E4D90942FC07): 1
LogDevObjectVersion:   Dev-Automation (0DF73D61-A23F-47EA-B727-89E90C41499A): 1
LogDevObjectVersion:   FortniteMain (601D1886-AC64-4F84-AA16-D3DE0DEAC7D6): 31
LogDevObjectVersion:   Dev-Enterprise (9DFFBCD6-494F-0158-E221-12823C92A888): 10
LogDevObjectVersion:   Dev-Niagara (F2AED0AC-9AFE-416F-8664-AA7FFA26D6FC): 1
LogDevObjectVersion:   Dev-Destruction (174F1F0B-B4C6-45A5-B13F-2EE8D0FB917D): 10
LogDevObjectVersion:   Dev-Physics-Ext (35F94A83-E258-406C-A318-09F59610247C): 37
LogDevObjectVersion:   Dev-PhysicsMaterial-Chaos (B68FC16E-8B1B-42E2-B453-215C058844FE): 1
LogDevObjectVersion:   Dev-CineCamera (B2E18506-4273-CFC2-A54E-F4BB758BBA07): 1
LogInit: Presizing for max 25165824 objects, including 0 objects not considered by GC, pre-allocating 0 bytes for permanent pool.
LogConfig: Applying CVar settings from Section [/Script/Engine.StreamingSettings] File [D:/3D/Unreal_projects/MRTK_playground_01/HL2_TaiChi/Saved/Config/Windows/Engine.ini]
LogConfig: Setting CVar [[s.MinBulkDataSizeForAsyncLoading:131072]]
LogConfig: Setting CVar [[s.AsyncLoadingThreadEnabled:0]]
LogConfig: Setting CVar [[s.EventDrivenLoaderEnabled:1]]
LogConfig: Setting CVar [[s.WarnIfTimeLimitExceeded:0]]
LogConfig: Setting CVar [[s.TimeLimitExceededMultiplier:1.5]]
LogConfig: Setting CVar [[s.TimeLimitExceededMinTime:0.005]]
LogConfig: Setting CVar [[s.UseBackgroundLevelStreaming:1]]
LogConfig: Setting CVar [[s.PriorityAsyncLoadingExtraTime:15.0]]
LogConfig: Setting CVar [[s.LevelStreamingActorsUpdateTimeLimit:5.0]]
LogConfig: Setting CVar [[s.PriorityLevelStreamingActorsUpdateExtraTime:5.0]]
LogConfig: Setting CVar [[s.LevelStreamingComponentsRegistrationGranularity:10]]
LogConfig: Setting CVar [[s.UnregisterComponentsTimeLimit:1.0]]
LogConfig: Setting CVar [[s.LevelStreamingComponentsUnregistrationGranularity:5]]
LogConfig: Setting CVar [[s.FlushStreamingOnExit:1]]
LogInit: Object subsystem initialized
LogConfig: Setting CVar [[con.DebugEarlyDefault:1]]
LogConfig: Setting CVar [[r.setres:1280x720]]
[2020.11.20-21.07.48:223][  0]LogConfig: Setting CVar [[r.VSync:0]]
[2020.11.20-21.07.48:223][  0]LogConfig: Setting CVar [[r.RHICmdBypass:0]]
[2020.11.20-21.07.48:223][  0]LogConfig: Applying CVar settings from Section [/Script/Engine.RendererSettings] File [D:/3D/Unreal_projects/MRTK_playground_01/HL2_TaiChi/Saved/Config/Windows/Engine.ini]
[2020.11.20-21.07.48:223][  0]LogConfig: Setting CVar [[r.GPUCrashDebugging:0]]
[2020.11.20-21.07.48:223][  0]LogConfig: Setting CVar [[r.Mobile.DisableVertexFog:1]]
[2020.11.20-21.07.48:223][  0]LogConfig: Setting CVar [[r.Shadow.CSM.MaxMobileCascades:2]]
[2020.11.20-21.07.48:223][  0]LogConfig: Setting CVar [[r.MobileMSAA:1]]
[2020.11.20-21.07.48:223][  0]LogConfig: Setting CVar [[r.Mobile.UseLegacyShadingModel:0]]
[2020.11.20-21.07.48:223][  0]LogConfig: Setting CVar [[r.Mobile.AllowDitheredLODTransition:0]]
[2020.11.20-21.07.48:223][  0]LogConfig: Setting CVar [[r.Mobile.AllowSoftwareOcclusion:0]]
[2020.11.20-21.07.48:223][  0]LogConfig: Setting CVar [[r.Mobile.VirtualTextures:0]]
[2020.11.20-21.07.48:223][  0]LogConfig: Setting CVar [[r.DiscardUnusedQuality:0]]
[2020.11.20-21.07.48:223][  0]LogConfig: Setting CVar [[r.AllowOcclusionQueries:1]]
[2020.11.20-21.07.48:223][  0]LogConfig: Setting CVar [[r.MinScreenRadiusForLights:0.030000]]
[2020.11.20-21.07.48:223][  0]LogConfig: Setting CVar [[r.MinScreenRadiusForDepthPrepass:0.030000]]
[2020.11.20-21.07.48:223][  0]LogConfig: Setting CVar [[r.MinScreenRadiusForCSMDepth:0.010000]]
[2020.11.20-21.07.48:223][  0]LogConfig: Setting CVar [[r.PrecomputedVisibilityWarning:0]]
[2020.11.20-21.07.48:223][  0]LogConfig: Setting CVar [[r.TextureStreaming:1]]
[2020.11.20-21.07.48:223][  0]LogConfig: Setting CVar [[Compat.UseDXT5NormalMaps:0]]
[2020.11.20-21.07.48:223][  0]LogConfig: Setting CVar [[r.VirtualTextures:0]]
[2020.11.20-21.07.48:223][  0]LogConfig: Setting CVar [[r.VirtualTexturedLightmaps:0]]
[2020.11.20-21.07.48:223][  0]LogConfig: Setting CVar [[r.VT.TileSize:128]]
[2020.11.20-21.07.48:223][  0]LogConfig: Setting CVar [[r.VT.TileBorderSize:4]]
[2020.11.20-21.07.48:223][  0]LogConfig: Setting CVar [[r.vt.FeedbackFactor:16]]
[2020.11.20-21.07.48:223][  0]LogConfig: Setting CVar [[r.VT.EnableCompressZlib:1]]
[2020.11.20-21.07.48:223][  0]LogConfig: Setting CVar [[r.VT.EnableCompressCrunch:0]]
[2020.11.20-21.07.48:223][  0]LogConfig: Setting CVar [[r.ClearCoatNormal:0]]
[2020.11.20-21.07.48:223][  0]LogConfig: Setting CVar [[r.AnisotropicBRDF:0]]
[2020.11.20-21.07.48:223][  0]LogConfig: Setting CVar [[r.ReflectionCaptureResolution:128]]
[2020.11.20-21.07.48:223][  0]LogConfig: Setting CVar [[r.ReflectionEnvironmentLightmapMixBasedOnRoughness:1]]
[2020.11.20-21.07.48:223][  0]LogConfig: Setting CVar [[r.ForwardShading:0]]
[2020.11.20-21.07.48:223][  0]LogConfig: Setting CVar [[r.VertexFoggingForOpaque:1]]
[2020.11.20-21.07.48:223][  0]LogConfig: Setting CVar [[r.AllowStaticLighting:1]]
[2020.11.20-21.07.48:223][  0]LogConfig: Setting CVar [[r.NormalMapsForStaticLighting:0]]
[2020.11.20-21.07.48:223][  0]LogConfig: Setting CVar [[r.GenerateMeshDistanceFields:0]]
[2020.11.20-21.07.48:224][  0]LogConfig: Setting CVar [[r.DistanceFieldBuild.EightBit:0]]
[2020.11.20-21.07.48:224][  0]LogConfig: Setting CVar [[r.GenerateLandscapeGIData:0]]
[2020.11.20-21.07.48:224][  0]LogConfig: Setting CVar [[r.DistanceFieldBuild.Compress:0]]
[2020.11.20-21.07.48:224][  0]LogConfig: Setting CVar [[r.TessellationAdaptivePixelsPerTriangle:48.000000]]
[2020.11.20-21.07.48:224][  0]LogConfig: Setting CVar [[r.SeparateTranslucency:0]]
[2020.11.20-21.07.48:224][  0]LogConfig: Setting CVar [[r.TranslucentSortPolicy:0]]
[2020.11.20-21.07.48:224][  0]LogConfig: Setting CVar [[r.CustomDepth:1]]
[2020.11.20-21.07.48:224][  0]LogConfig: Setting CVar [[r.CustomDepthTemporalAAJitter:1]]
[2020.11.20-21.07.48:224][  0]LogConfig: Setting CVar [[r.PostProcessing.PropagateAlpha:0]]
[2020.11.20-21.07.48:224][  0]LogConfig: Setting CVar [[r.DefaultFeature.Bloom:0]]
[2020.11.20-21.07.48:224][  0]LogConfig: Setting CVar [[r.DefaultFeature.AmbientOcclusion:0]]
[2020.11.20-21.07.48:224][  0]LogConfig: Setting CVar [[r.DefaultFeature.AmbientOcclusionStaticFraction:1]]
[2020.11.20-21.07.48:224][  0]LogConfig: Setting CVar [[r.DefaultFeature.AutoExposure:0]]
[2020.11.20-21.07.48:224][  0]LogConfig: Setting CVar [[r.DefaultFeature.AutoExposure.Method:0]]
[2020.11.20-21.07.48:224][  0]LogConfig: Setting CVar [[r.DefaultFeature.AutoExposure.Bias:1.000000]]
[2020.11.20-21.07.48:224][  0]LogConfig: Setting CVar [[r.DefaultFeature.AutoExposure.ExtendDefaultLuminanceRange:0]]
[2020.11.20-21.07.48:224][  0]LogConfig: Setting CVar [[r.UsePreExposure:1]]
[2020.11.20-21.07.48:224][  0]LogConfig: Setting CVar [[r.EyeAdaptation.EditorOnly:0]]
[2020.11.20-21.07.48:224][  0]LogConfig: Setting CVar [[r.DefaultFeature.MotionBlur:0]]
[2020.11.20-21.07.48:224][  0]LogConfig: Setting CVar [[r.DefaultFeature.LensFlare:0]]
[2020.11.20-21.07.48:224][  0]LogConfig: Setting CVar [[r.TemporalAA.Upsampling:0]]
[2020.11.20-21.07.48:224][  0]LogConfig: Setting CVar [[r.SSGI.Enable:0]]
[2020.11.20-21.07.48:224][  0]LogConfig: Setting CVar [[r.DefaultFeature.AntiAliasing:0]]
[2020.11.20-21.07.48:224][  0]LogConfig: Setting CVar [[r.DefaultFeature.LightUnits:1]]
[2020.11.20-21.07.48:224][  0]LogConfig: Setting CVar [[r.DefaultBackBufferPixelFormat:4]]
[2020.11.20-21.07.48:224][  0]LogConfig: Setting CVar [[r.Shadow.UnbuiltPreviewInGame:1]]
[2020.11.20-21.07.48:224][  0]LogConfig: Setting CVar [[r.StencilForLODDither:0]]
[2020.11.20-21.07.48:224][  0]LogConfig: Setting CVar [[r.EarlyZPass:3]]
[2020.11.20-21.07.48:224][  0]LogConfig: Setting CVar [[r.EarlyZPassOnlyMaterialMasking:0]]
[2020.11.20-21.07.48:224][  0]LogConfig: Setting CVar [[r.DBuffer:1]]
[2020.11.20-21.07.48:224][  0]LogConfig: Setting CVar [[r.ClearSceneMethod:1]]
[2020.11.20-21.07.48:224][  0]LogConfig: Setting CVar [[r.BasePassOutputsVelocity:0]]
[2020.11.20-21.07.48:224][  0]LogConfig: Setting CVar [[r.VertexDeformationOutputsVelocity:0]]
[2020.11.20-21.07.48:224][  0]LogConfig: Setting CVar [[r.SelectiveBasePassOutputs:0]]
[2020.11.20-21.07.48:224][  0]LogConfig: Setting CVar [[fx.GPUSimulationTextureSizeX:1024]]
[2020.11.20-21.07.48:224][  0]LogConfig: Setting CVar [[fx.GPUSimulationTextureSizeY:1024]]
[2020.11.20-21.07.48:224][  0]LogConfig: Setting CVar [[r.AllowGlobalClipPlane:0]]
[2020.11.20-21.07.48:224][  0]LogConfig: Setting CVar [[r.GBufferFormat:1]]
[2020.11.20-21.07.48:224][  0]LogConfig: Setting CVar [[r.MorphTarget.Mode:1]]
[2020.11.20-21.07.48:224][  0]LogConfig: Setting CVar [[vr.InstancedStereo:0]]
[2020.11.20-21.07.48:224][  0]LogConfig: Setting CVar [[r.MobileHDR:1]]
[2020.11.20-21.07.48:224][  0]LogConfig: Setting CVar [[vr.MobileMultiView:0]]
[2020.11.20-21.07.48:224][  0]LogConfig: Setting CVar [[r.Mobile.UseHWsRGBEncoding:0]]
[2020.11.20-21.07.48:224][  0]LogConfig: Setting CVar [[vr.RoundRobinOcclusion:0]]
[2020.11.20-21.07.48:224][  0]LogConfig: Setting CVar [[vr.ODSCapture:0]]
[2020.11.20-21.07.48:224][  0]LogConfig: Setting CVar [[r.MeshStreaming:0]]
[2020.11.20-21.07.48:224][  0]LogConfig: Setting CVar [[r.WireframeCullThreshold:5.000000]]
[2020.11.20-21.07.48:224][  0]LogConfig: Setting CVar [[r.RayTracing:0]]
[2020.11.20-21.07.48:224][  0]LogConfig: Setting CVar [[r.RayTracing.UseTextureLod:0]]
[2020.11.20-21.07.48:224][  0]LogConfig: Setting CVar [[r.SupportStationarySkylight:1]]
[2020.11.20-21.07.48:224][  0]LogConfig: Setting CVar [[r.SupportLowQualityLightmaps:1]]
[2020.11.20-21.07.48:224][  0]LogConfig: Setting CVar [[r.SupportPointLightWholeSceneShadows:1]]
[2020.11.20-21.07.48:224][  0]LogConfig: Setting CVar [[r.SupportAtmosphericFog:1]]
[2020.11.20-21.07.48:224][  0]LogConfig: Setting CVar [[r.SupportSkyAtmosphere:1]]
[2020.11.20-21.07.48:224][  0]LogConfig: Setting CVar [[r.SupportSkyAtmosphereAffectsHeightFog:0]]
[2020.11.20-21.07.48:224][  0]LogConfig: Setting CVar [[r.SkinCache.CompileShaders:0]]
[2020.11.20-21.07.48:224][  0]LogConfig: Setting CVar [[r.SkinCache.DefaultBehavior:1]]
[2020.11.20-21.07.48:224][  0]LogConfig: Setting CVar [[r.SkinCache.SceneMemoryLimitInMB:128.000000]]
[2020.11.20-21.07.48:224][  0]LogConfig: Setting CVar [[r.Mobile.EnableStaticAndCSMShadowReceivers:1]]
[2020.11.20-21.07.48:224][  0]LogConfig: Setting CVar [[r.Mobile.EnableMovableLightCSMShaderCulling:1]]
[2020.11.20-21.07.48:224][  0]LogConfig: Setting CVar [[r.Mobile.AllowDistanceFieldShadows:1]]
[2020.11.20-21.07.48:224][  0]LogConfig: Setting CVar [[r.Mobile.AllowMovableDirectionalLights:1]]
[2020.11.20-21.07.48:224][  0]LogConfig: Setting CVar [[r.MobileNumDynamicPointLights:4]]
[2020.11.20-21.07.48:224][  0]LogConfig: Setting CVar [[r.MobileDynamicPointLightsUseStaticBranch:1]]
[2020.11.20-21.07.48:224][  0]LogConfig: Setting CVar [[r.Mobile.EnableMovableSpotlights:0]]
[2020.11.20-21.07.48:224][  0]LogConfig: Setting CVar [[r.GPUSkin.Support16BitBoneIndex:0]]
[2020.11.20-21.07.48:224][  0]LogConfig: Setting CVar [[r.GPUSkin.Limit2BoneInfluences:0]]
[2020.11.20-21.07.48:224][  0]LogConfig: Setting CVar [[r.SupportDepthOnlyIndexBuffers:1]]
[2020.11.20-21.07.48:224][  0]LogConfig: Setting CVar [[r.SupportReversedIndexBuffers:1]]
[2020.11.20-21.07.48:224][  0]LogConfig: Setting CVar [[r.SupportMaterialLayers:0]]
[2020.11.20-21.07.48:224][  0]LogConfig: Setting CVar [[r.LightPropagationVolume:0]]
[2020.11.20-21.07.48:224][  0]LogConfig: Applying CVar settings from Section [/Script/Engine.RendererOverrideSettings] File [D:/3D/Unreal_projects/MRTK_playground_01/HL2_TaiChi/Saved/Config/Windows/Engine.ini]
[2020.11.20-21.07.48:224][  0]LogConfig: Applying CVar settings from Section [/Script/Engine.StreamingSettings] File [D:/3D/Unreal_projects/MRTK_playground_01/HL2_TaiChi/Saved/Config/Windows/Engine.ini]
[2020.11.20-21.07.48:224][  0]LogConfig: Setting CVar [[s.MinBulkDataSizeForAsyncLoading:131072]]
[2020.11.20-21.07.48:224][  0]LogConfig: Setting CVar [[s.AsyncLoadingThreadEnabled:0]]
[2020.11.20-21.07.48:225][  0]LogConfig: Setting CVar [[s.EventDrivenLoaderEnabled:1]]
[2020.11.20-21.07.48:225][  0]LogConfig: Setting CVar [[s.WarnIfTimeLimitExceeded:0]]
[2020.11.20-21.07.48:225][  0]LogConfig: Setting CVar [[s.TimeLimitExceededMultiplier:1.5]]
[2020.11.20-21.07.48:225][  0]LogConfig: Setting CVar [[s.TimeLimitExceededMinTime:0.005]]
[2020.11.20-21.07.48:225][  0]LogConfig: Setting CVar [[s.UseBackgroundLevelStreaming:1]]
[2020.11.20-21.07.48:225][  0]LogConfig: Setting CVar [[s.PriorityAsyncLoadingExtraTime:15.0]]
[2020.11.20-21.07.48:225][  0]LogConfig: Setting CVar [[s.LevelStreamingActorsUpdateTimeLimit:5.0]]
[2020.11.20-21.07.48:225][  0]LogConfig: Setting CVar [[s.PriorityLevelStreamingActorsUpdateExtraTime:5.0]]
[2020.11.20-21.07.48:225][  0]LogConfig: Setting CVar [[s.LevelStreamingComponentsRegistrationGranularity:10]]
[2020.11.20-21.07.48:225][  0]LogConfig: Setting CVar [[s.UnregisterComponentsTimeLimit:1.0]]
[2020.11.20-21.07.48:225][  0]LogConfig: Setting CVar [[s.LevelStreamingComponentsUnregistrationGranularity:5]]
[2020.11.20-21.07.48:225][  0]LogConfig: Setting CVar [[s.FlushStreamingOnExit:1]]
[2020.11.20-21.07.48:225][  0]LogConfig: Applying CVar settings from Section [/Script/Engine.GarbageCollectionSettings] File [D:/3D/Unreal_projects/MRTK_playground_01/HL2_TaiChi/Saved/Config/Windows/Engine.ini]
[2020.11.20-21.07.48:225][  0]LogConfig: Setting CVar [[gc.MaxObjectsNotConsideredByGC:1]]
[2020.11.20-21.07.48:225][  0]LogConfig: Setting CVar [[gc.SizeOfPermanentObjectPool:0]]
[2020.11.20-21.07.48:225][  0]LogConfig: Setting CVar [[gc.FlushStreamingOnGC:0]]
[2020.11.20-21.07.48:225][  0]LogConfig: Setting CVar [[gc.NumRetriesBeforeForcingGC:10]]
[2020.11.20-21.07.48:225][  0]LogConfig: Setting CVar [[gc.AllowParallelGC:1]]
[2020.11.20-21.07.48:225][  0]LogConfig: Setting CVar [[gc.TimeBetweenPurgingPendingKillObjects:61.1]]
[2020.11.20-21.07.48:225][  0]LogConfig: Setting CVar [[gc.MaxObjectsInEditor:25165824]]
[2020.11.20-21.07.48:225][  0]LogConfig: Setting CVar [[gc.IncrementalBeginDestroyEnabled:1]]
[2020.11.20-21.07.48:225][  0]LogConfig: Setting CVar [[gc.CreateGCClusters:1]]
[2020.11.20-21.07.48:225][  0]LogConfig: Setting CVar [[gc.MinGCClusterSize:5]]
[2020.11.20-21.07.48:225][  0]LogConfig: Setting CVar [[gc.ActorClusteringEnabled:0]]
[2020.11.20-21.07.48:225][  0]LogConfig: Setting CVar [[gc.BlueprintClusteringEnabled:0]]
[2020.11.20-21.07.48:225][  0]LogConfig: Setting CVar [[gc.UseDisregardForGCOnDedicatedServers:0]]
[2020.11.20-21.07.48:225][  0]LogConfig: Applying CVar settings from Section [/Script/Engine.NetworkSettings] File [D:/3D/Unreal_projects/MRTK_playground_01/HL2_TaiChi/Saved/Config/Windows/Engine.ini]
[2020.11.20-21.07.48:225][  0]LogConfig: Applying CVar settings from Section [/Script/UnrealEd.CookerSettings] File [D:/3D/Unreal_projects/MRTK_playground_01/HL2_TaiChi/Saved/Config/Windows/Engine.ini]
[2020.11.20-21.07.48:228][  0]LogConfig: Applying CVar settings from Section [ViewDistanceQuality@3] File [D:/3D/Unreal_projects/MRTK_playground_01/HL2_TaiChi/Saved/Config/Windows/Scalability.ini]
[2020.11.20-21.07.48:228][  0]LogConfig: Setting CVar [[r.SkeletalMeshLODBias:0]]
[2020.11.20-21.07.48:228][  0]LogConfig: Setting CVar [[r.ViewDistanceScale:1.0]]
[2020.11.20-21.07.48:228][  0]LogConfig: Applying CVar settings from Section [AntiAliasingQuality@3] File [D:/3D/Unreal_projects/MRTK_playground_01/HL2_TaiChi/Saved/Config/Windows/Scalability.ini]
[2020.11.20-21.07.48:228][  0]LogConfig: Setting CVar [[r.PostProcessAAQuality:4]]
[2020.11.20-21.07.48:228][  0]LogConfig: Applying CVar settings from Section [ShadowQuality@3] File [D:/3D/Unreal_projects/MRTK_playground_01/HL2_TaiChi/Saved/Config/Windows/Scalability.ini]
[2020.11.20-21.07.48:228][  0]LogConfig: Setting CVar [[r.LightFunctionQuality:1]]
[2020.11.20-21.07.48:228][  0]LogConfig: Setting CVar [[r.ShadowQuality:5]]
[2020.11.20-21.07.48:228][  0]LogConfig: Setting CVar [[r.Shadow.CSM.MaxCascades:10]]
[2020.11.20-21.07.48:228][  0]LogConfig: Setting CVar [[r.Shadow.MaxResolution:2048]]
[2020.11.20-21.07.48:228][  0]LogConfig: Setting CVar [[r.Shadow.MaxCSMResolution:2048]]
[2020.11.20-21.07.48:228][  0]LogConfig: Setting CVar [[r.Shadow.RadiusThreshold:0.01]]
[2020.11.20-21.07.48:228][  0]LogConfig: Setting CVar [[r.Shadow.DistanceScale:1.0]]
[2020.11.20-21.07.48:228][  0]LogConfig: Setting CVar [[r.Shadow.CSM.TransitionScale:1.0]]
[2020.11.20-21.07.48:228][  0]LogConfig: Setting CVar [[r.Shadow.PreShadowResolutionFactor:1.0]]
[2020.11.20-21.07.48:228][  0]LogConfig: Setting CVar [[r.DistanceFieldShadowing:1]]
[2020.11.20-21.07.48:228][  0]LogConfig: Setting CVar [[r.DistanceFieldAO:1]]
[2020.11.20-21.07.48:228][  0]LogConfig: Setting CVar [[r.AOQuality:2]]
[2020.11.20-21.07.48:228][  0]LogConfig: Setting CVar [[r.VolumetricFog:1]]
[2020.11.20-21.07.48:228][  0]LogConfig: Setting CVar [[r.VolumetricFog.GridPixelSize:8]]
[2020.11.20-21.07.48:228][  0]LogConfig: Setting CVar [[r.VolumetricFog.GridSizeZ:128]]
[2020.11.20-21.07.48:228][  0]LogConfig: Setting CVar [[r.VolumetricFog.HistoryMissSupersampleCount:4]]
[2020.11.20-21.07.48:228][  0]LogConfig: Setting CVar [[r.LightMaxDrawDistanceScale:1]]
[2020.11.20-21.07.48:228][  0]LogConfig: Setting CVar [[r.CapsuleShadows:1]]
[2020.11.20-21.07.48:228][  0]LogConfig: Applying CVar settings from Section [PostProcessQuality@3] File [D:/3D/Unreal_projects/MRTK_playground_01/HL2_TaiChi/Saved/Config/Windows/Scalability.ini]
[2020.11.20-21.07.48:228][  0]LogConfig: Setting CVar [[r.MotionBlurQuality:4]]
[2020.11.20-21.07.48:228][  0]LogConfig: Setting CVar [[r.AmbientOcclusionMipLevelFactor:0.4]]
[2020.11.20-21.07.48:228][  0]LogConfig: Setting CVar [[r.AmbientOcclusionMaxQuality:100]]
[2020.11.20-21.07.48:228][  0]LogConfig: Setting CVar [[r.AmbientOcclusionLevels:-1]]
[2020.11.20-21.07.48:228][  0]LogConfig: Setting CVar [[r.AmbientOcclusionRadiusScale:1.0]]
[2020.11.20-21.07.48:228][  0]LogConfig: Setting CVar [[r.DepthOfFieldQuality:2]]
[2020.11.20-21.07.48:228][  0]LogConfig: Setting CVar [[r.RenderTargetPoolMin:400]]
[2020.11.20-21.07.48:228][  0]LogConfig: Setting CVar [[r.LensFlareQuality:2]]
[2020.11.20-21.07.48:228][  0]LogConfig: Setting CVar [[r.SceneColorFringeQuality:1]]
[2020.11.20-21.07.48:228][  0]LogConfig: Setting CVar [[r.EyeAdaptationQuality:2]]
[2020.11.20-21.07.48:228][  0]LogConfig: Setting CVar [[r.BloomQuality:5]]
[2020.11.20-21.07.48:228][  0]LogConfig: Setting CVar [[r.FastBlurThreshold:100]]
[2020.11.20-21.07.48:228][  0]LogConfig: Setting CVar [[r.Upscale.Quality:3]]
[2020.11.20-21.07.48:229][  0]LogConfig: Setting CVar [[r.Tonemapper.GrainQuantization:1]]
[2020.11.20-21.07.48:229][  0]LogConfig: Setting CVar [[r.LightShaftQuality:1]]
[2020.11.20-21.07.48:229][  0]LogConfig: Setting CVar [[r.Filter.SizeScale:1]]
[2020.11.20-21.07.48:229][  0]LogConfig: Setting CVar [[r.Tonemapper.Quality:5]]
[2020.11.20-21.07.48:229][  0]LogConfig: Setting CVar [[r.DOF.Gather.AccumulatorQuality:1        ; higher gathering accumulator quality]]
[2020.11.20-21.07.48:229][  0]LogConfig: Setting CVar [[r.DOF.Gather.PostfilterMethod:1          ; Median3x3 postfilering method]]
[2020.11.20-21.07.48:229][  0]LogConfig: Setting CVar [[r.DOF.Gather.EnableBokehSettings:0       ; no bokeh simulation when gathering]]
[2020.11.20-21.07.48:229][  0]LogConfig: Setting CVar [[r.DOF.Gather.RingCount:4                 ; medium number of samples when gathering]]
[2020.11.20-21.07.48:229][  0]LogConfig: Setting CVar [[r.DOF.Scatter.ForegroundCompositing:1    ; additive foreground scattering]]
[2020.11.20-21.07.48:229][  0]LogConfig: Setting CVar [[r.DOF.Scatter.BackgroundCompositing:2    ; additive background scattering]]
[2020.11.20-21.07.48:229][  0]LogConfig: Setting CVar [[r.DOF.Scatter.EnableBokehSettings:1      ; bokeh simulation when scattering]]
[2020.11.20-21.07.48:229][  0]LogConfig: Setting CVar [[r.DOF.Scatter.MaxSpriteRatio:0.1         ; only a maximum of 10% of scattered bokeh]]
[2020.11.20-21.07.48:229][  0]LogConfig: Setting CVar [[r.DOF.Recombine.Quality:1                ; cheap slight out of focus]]
[2020.11.20-21.07.48:229][  0]LogConfig: Setting CVar [[r.DOF.Recombine.EnableBokehSettings:0    ; no bokeh simulation on slight out of focus]]
[2020.11.20-21.07.48:229][  0]LogConfig: Setting CVar [[r.DOF.TemporalAAQuality:1                ; more stable temporal accumulation]]
[2020.11.20-21.07.48:229][  0]LogConfig: Setting CVar [[r.DOF.Kernel.MaxForegroundRadius:0.025]]
[2020.11.20-21.07.48:229][  0]LogConfig: Setting CVar [[r.DOF.Kernel.MaxBackgroundRadius:0.025]]
[2020.11.20-21.07.48:229][  0]LogConfig: Applying CVar settings from Section [TextureQuality@3] File [D:/3D/Unreal_projects/MRTK_playground_01/HL2_TaiChi/Saved/Config/Windows/Scalability.ini]
[2020.11.20-21.07.48:229][  0]LogConfig: Setting CVar [[r.Streaming.MipBias:0]]
[2020.11.20-21.07.48:229][  0]LogConfig: Setting CVar [[r.Streaming.AmortizeCPUToGPUCopy:0]]
[2020.11.20-21.07.48:229][  0]LogConfig: Setting CVar [[r.Streaming.MaxNumTexturesToStreamPerFrame:0]]
[2020.11.20-21.07.48:229][  0]LogConfig: Setting CVar [[r.Streaming.Boost:1]]
[2020.11.20-21.07.48:229][  0]LogConfig: Setting CVar [[r.MaxAnisotropy:8]]
[2020.11.20-21.07.48:229][  0]LogConfig: Setting CVar [[r.VT.MaxAnisotropy:8]]
[2020.11.20-21.07.48:229][  0]LogConfig: Setting CVar [[r.Streaming.LimitPoolSizeToVRAM:0]]
[2020.11.20-21.07.48:229][  0]LogConfig: Setting CVar [[r.Streaming.PoolSize:1000]]
[2020.11.20-21.07.48:229][  0]LogConfig: Setting CVar [[r.Streaming.MaxEffectiveScreenSize:0]]
[2020.11.20-21.07.48:229][  0]LogConfig: Applying CVar settings from Section [EffectsQuality@3] File [D:/3D/Unreal_projects/MRTK_playground_01/HL2_TaiChi/Saved/Config/Windows/Scalability.ini]
[2020.11.20-21.07.48:229][  0]LogConfig: Setting CVar [[r.TranslucencyLightingVolumeDim:64]]
[2020.11.20-21.07.48:229][  0]LogConfig: Setting CVar [[r.RefractionQuality:2]]
[2020.11.20-21.07.48:229][  0]LogConfig: Setting CVar [[r.SSR.Quality:3]]
[2020.11.20-21.07.48:229][  0]LogConfig: Setting CVar [[r.SSR.HalfResSceneColor:0]]
[2020.11.20-21.07.48:229][  0]LogConfig: Setting CVar [[r.SceneColorFormat:4]]
[2020.11.20-21.07.48:229][  0]LogConfig: Setting CVar [[r.DetailMode:2]]
[2020.11.20-21.07.48:229][  0]LogConfig: Setting CVar [[r.TranslucencyVolumeBlur:1]]
[2020.11.20-21.07.48:229][  0]LogConfig: Setting CVar [[r.MaterialQualityLevel:1 ; High quality]]
[2020.11.20-21.07.48:229][  0]LogConfig: Setting CVar [[r.SSS.Scale:1]]
[2020.11.20-21.07.48:229][  0]LogConfig: Setting CVar [[r.SSS.SampleSet:2]]
[2020.11.20-21.07.48:229][  0]LogConfig: Setting CVar [[r.SSS.Quality:1]]
[2020.11.20-21.07.48:229][  0]LogConfig: Setting CVar [[r.SSS.HalfRes:0]]
[2020.11.20-21.07.48:229][  0]LogConfig: Setting CVar [[r.SSGI.Quality:3]]
[2020.11.20-21.07.48:229][  0]LogConfig: Setting CVar [[r.EmitterSpawnRateScale:1.0]]
[2020.11.20-21.07.48:229][  0]LogConfig: Setting CVar [[r.ParticleLightQuality:2]]
[2020.11.20-21.07.48:229][  0]LogConfig: Setting CVar [[r.SkyAtmosphere.AerialPerspectiveLUT.FastApplyOnOpaque:1 ; Always have FastSkyLUT 1 in this case to avoid wrong sky]]
[2020.11.20-21.07.48:229][  0]LogConfig: Setting CVar [[r.SkyAtmosphere.AerialPerspectiveLUT.SampleCountPerSlice:1]]
[2020.11.20-21.07.48:229][  0]LogConfig: Setting CVar [[r.SkyAtmosphere.AerialPerspectiveLUT.DepthResolution:16.0]]
[2020.11.20-21.07.48:229][  0]LogConfig: Setting CVar [[r.SkyAtmosphere.FastSkyLUT:1]]
[2020.11.20-21.07.48:229][  0]LogConfig: Setting CVar [[r.SkyAtmosphere.FastSkyLUT.SampleCountMin:4.0]]
[2020.11.20-21.07.48:229][  0]LogConfig: Setting CVar [[r.SkyAtmosphere.FastSkyLUT.SampleCountMax:32.0]]
[2020.11.20-21.07.48:229][  0]LogConfig: Setting CVar [[r.SkyAtmosphere.SampleCountMin:4.0]]
[2020.11.20-21.07.48:229][  0]LogConfig: Setting CVar [[r.SkyAtmosphere.SampleCountMax:32.0]]
[2020.11.20-21.07.48:229][  0]LogConfig: Setting CVar [[r.SkyAtmosphere.TransmittanceLUT.UseSmallFormat:0]]
[2020.11.20-21.07.48:229][  0]LogConfig: Setting CVar [[r.SkyAtmosphere.TransmittanceLUT.SampleCount:10.0]]
[2020.11.20-21.07.48:229][  0]LogConfig: Setting CVar [[r.SkyAtmosphere.MultiScatteringLUT.SampleCount:15.0]]
[2020.11.20-21.07.48:229][  0]LogConfig: Applying CVar settings from Section [FoliageQuality@3] File [D:/3D/Unreal_projects/MRTK_playground_01/HL2_TaiChi/Saved/Config/Windows/Scalability.ini]
[2020.11.20-21.07.48:229][  0]LogConfig: Setting CVar [[foliage.DensityScale:1.0]]
[2020.11.20-21.07.48:229][  0]LogConfig: Setting CVar [[grass.DensityScale:1.0]]
[2020.11.20-21.07.48:229][  0]LogConfig: Applying CVar settings from Section [ShadingQuality@3] File [D:/3D/Unreal_projects/MRTK_playground_01/HL2_TaiChi/Saved/Config/Windows/Scalability.ini]
[2020.11.20-21.07.48:229][  0]LogConfig: Setting CVar [[r.HairStrands.SkyLighting.SampleCount:16]]
[2020.11.20-21.07.48:229][  0]LogConfig: Setting CVar [[r.HairStrands.SkyLighting.JitterIntegration:0]]
[2020.11.20-21.07.48:229][  0]LogConfig: Setting CVar [[r.HairStrands.SkyAO.SampleCount:16]]
[2020.11.20-21.07.48:229][  0]LogConfig: Setting CVar [[r.HairStrands.DeepShadow.SuperSampling:0]]
[2020.11.20-21.07.48:229][  0]LogConfig: Setting CVar [[r.HairStrands.VisibilityPPLL:0]]
[2020.11.20-21.07.48:229][  0]LogConfig: Setting CVar [[r.HairStrands.RasterizationScale:0.5]]
[2020.11.20-21.07.48:229][  0]LogConfig: Setting CVar [[r.HairStrands.VelocityRasterizationScale:1]]
[2020.11.20-21.07.48:229][  0]LogInit: Selected Device Profile: [Windows]
[2020.11.20-21.07.48:229][  0]LogInit: Applying CVar settings loaded from the selected device profile: [Windows]
[2020.11.20-21.07.48:230][  0]LogHAL: Display: Platform has ~ 32 GB [34209218560 / 34359738368 / 32], which maps to Largest [LargestMinGB=32, LargerMinGB=12, DefaultMinGB=8, SmallerMinGB=6, SmallestMinGB=0)
[2020.11.20-21.07.48:230][  0]LogInit: Going up to parent DeviceProfile []
[2020.11.20-21.07.48:230][  0]LogConfig: Applying CVar settings from Section [ViewDistanceQuality@3] File [D:/3D/Unreal_projects/MRTK_playground_01/HL2_TaiChi/Saved/Config/Windows/Scalability.ini]
[2020.11.20-21.07.48:230][  0]LogConfig: Setting CVar [[r.SkeletalMeshLODBias:0]]
[2020.11.20-21.07.48:230][  0]LogConfig: Setting CVar [[r.ViewDistanceScale:1.0]]
[2020.11.20-21.07.48:230][  0]LogConfig: Applying CVar settings from Section [AntiAliasingQuality@3] File [D:/3D/Unreal_projects/MRTK_playground_01/HL2_TaiChi/Saved/Config/Windows/Scalability.ini]
[2020.11.20-21.07.48:230][  0]LogConfig: Setting CVar [[r.PostProcessAAQuality:4]]
[2020.11.20-21.07.48:230][  0]LogConfig: Applying CVar settings from Section [ShadowQuality@3] File [D:/3D/Unreal_projects/MRTK_playground_01/HL2_TaiChi/Saved/Config/Windows/Scalability.ini]
[2020.11.20-21.07.48:230][  0]LogConfig: Setting CVar [[r.LightFunctionQuality:1]]
[2020.11.20-21.07.48:230][  0]LogConfig: Setting CVar [[r.ShadowQuality:5]]
[2020.11.20-21.07.48:230][  0]LogConfig: Setting CVar [[r.Shadow.CSM.MaxCascades:10]]
[2020.11.20-21.07.48:230][  0]LogConfig: Setting CVar [[r.Shadow.MaxResolution:2048]]
[2020.11.20-21.07.48:230][  0]LogConfig: Setting CVar [[r.Shadow.MaxCSMResolution:2048]]
[2020.11.20-21.07.48:230][  0]LogConfig: Setting CVar [[r.Shadow.RadiusThreshold:0.01]]
[2020.11.20-21.07.48:230][  0]LogConfig: Setting CVar [[r.Shadow.DistanceScale:1.0]]
[2020.11.20-21.07.48:230][  0]LogConfig: Setting CVar [[r.Shadow.CSM.TransitionScale:1.0]]
[2020.11.20-21.07.48:230][  0]LogConfig: Setting CVar [[r.Shadow.PreShadowResolutionFactor:1.0]]
[2020.11.20-21.07.48:230][  0]LogConfig: Setting CVar [[r.DistanceFieldShadowing:1]]
[2020.11.20-21.07.48:230][  0]LogConfig: Setting CVar [[r.DistanceFieldAO:1]]
[2020.11.20-21.07.48:230][  0]LogConfig: Setting CVar [[r.AOQuality:2]]
[2020.11.20-21.07.48:230][  0]LogConfig: Setting CVar [[r.VolumetricFog:1]]
[2020.11.20-21.07.48:230][  0]LogConfig: Setting CVar [[r.VolumetricFog.GridPixelSize:8]]
[2020.11.20-21.07.48:230][  0]LogConfig: Setting CVar [[r.VolumetricFog.GridSizeZ:128]]
[2020.11.20-21.07.48:230][  0]LogConfig: Setting CVar [[r.VolumetricFog.HistoryMissSupersampleCount:4]]
[2020.11.20-21.07.48:230][  0]LogConfig: Setting CVar [[r.LightMaxDrawDistanceScale:1]]
[2020.11.20-21.07.48:230][  0]LogConfig: Setting CVar [[r.CapsuleShadows:1]]
[2020.11.20-21.07.48:230][  0]LogConfig: Applying CVar settings from Section [PostProcessQuality@3] File [D:/3D/Unreal_projects/MRTK_playground_01/HL2_TaiChi/Saved/Config/Windows/Scalability.ini]
[2020.11.20-21.07.48:230][  0]LogConfig: Setting CVar [[r.MotionBlurQuality:4]]
[2020.11.20-21.07.48:230][  0]LogConfig: Setting CVar [[r.AmbientOcclusionMipLevelFactor:0.4]]
[2020.11.20-21.07.48:230][  0]LogConfig: Setting CVar [[r.AmbientOcclusionMaxQuality:100]]
[2020.11.20-21.07.48:230][  0]LogConfig: Setting CVar [[r.AmbientOcclusionLevels:-1]]
[2020.11.20-21.07.48:230][  0]LogConfig: Setting CVar [[r.AmbientOcclusionRadiusScale:1.0]]
[2020.11.20-21.07.48:230][  0]LogConfig: Setting CVar [[r.DepthOfFieldQuality:2]]
[2020.11.20-21.07.48:230][  0]LogConfig: Setting CVar [[r.RenderTargetPoolMin:400]]
[2020.11.20-21.07.48:230][  0]LogConfig: Setting CVar [[r.LensFlareQuality:2]]
[2020.11.20-21.07.48:230][  0]LogConfig: Setting CVar [[r.SceneColorFringeQuality:1]]
[2020.11.20-21.07.48:230][  0]LogConfig: Setting CVar [[r.EyeAdaptationQuality:2]]
[2020.11.20-21.07.48:230][  0]LogConfig: Setting CVar [[r.BloomQuality:5]]
[2020.11.20-21.07.48:230][  0]LogConfig: Setting CVar [[r.FastBlurThreshold:100]]
[2020.11.20-21.07.48:230][  0]LogConfig: Setting CVar [[r.Upscale.Quality:3]]
[2020.11.20-21.07.48:230][  0]LogConfig: Setting CVar [[r.Tonemapper.GrainQuantization:1]]
[2020.11.20-21.07.48:230][  0]LogConfig: Setting CVar [[r.LightShaftQuality:1]]
[2020.11.20-21.07.48:230][  0]LogConfig: Setting CVar [[r.Filter.SizeScale:1]]
[2020.11.20-21.07.48:230][  0]LogConfig: Setting CVar [[r.Tonemapper.Quality:5]]
[2020.11.20-21.07.48:230][  0]LogConfig: Setting CVar [[r.DOF.Gather.AccumulatorQuality:1        ; higher gathering accumulator quality]]
[2020.11.20-21.07.48:230][  0]LogConfig: Setting CVar [[r.DOF.Gather.PostfilterMethod:1          ; Median3x3 postfilering method]]
[2020.11.20-21.07.48:230][  0]LogConfig: Setting CVar [[r.DOF.Gather.EnableBokehSettings:0       ; no bokeh simulation when gathering]]
[2020.11.20-21.07.48:230][  0]LogConfig: Setting CVar [[r.DOF.Gather.RingCount:4                 ; medium number of samples when gathering]]
[2020.11.20-21.07.48:230][  0]LogConfig: Setting CVar [[r.DOF.Scatter.ForegroundCompositing:1    ; additive foreground scattering]]
[2020.11.20-21.07.48:230][  0]LogConfig: Setting CVar [[r.DOF.Scatter.BackgroundCompositing:2    ; additive background scattering]]
[2020.11.20-21.07.48:230][  0]LogConfig: Setting CVar [[r.DOF.Scatter.EnableBokehSettings:1      ; bokeh simulation when scattering]]
[2020.11.20-21.07.48:230][  0]LogConfig: Setting CVar [[r.DOF.Scatter.MaxSpriteRatio:0.1         ; only a maximum of 10% of scattered bokeh]]
[2020.11.20-21.07.48:230][  0]LogConfig: Setting CVar [[r.DOF.Recombine.Quality:1                ; cheap slight out of focus]]
[2020.11.20-21.07.48:230][  0]LogConfig: Setting CVar [[r.DOF.Recombine.EnableBokehSettings:0    ; no bokeh simulation on slight out of focus]]
[2020.11.20-21.07.48:230][  0]LogConfig: Setting CVar [[r.DOF.TemporalAAQuality:1                ; more stable temporal accumulation]]
[2020.11.20-21.07.48:230][  0]LogConfig: Setting CVar [[r.DOF.Kernel.MaxForegroundRadius:0.025]]
[2020.11.20-21.07.48:230][  0]LogConfig: Setting CVar [[r.DOF.Kernel.MaxBackgroundRadius:0.025]]
[2020.11.20-21.07.48:230][  0]LogConfig: Applying CVar settings from Section [TextureQuality@3] File [D:/3D/Unreal_projects/MRTK_playground_01/HL2_TaiChi/Saved/Config/Windows/Scalability.ini]
[2020.11.20-21.07.48:230][  0]LogConfig: Setting CVar [[r.Streaming.MipBias:0]]
[2020.11.20-21.07.48:230][  0]LogConfig: Setting CVar [[r.Streaming.AmortizeCPUToGPUCopy:0]]
[2020.11.20-21.07.48:230][  0]LogConfig: Setting CVar [[r.Streaming.MaxNumTexturesToStreamPerFrame:0]]
[2020.11.20-21.07.48:230][  0]LogConfig: Setting CVar [[r.Streaming.Boost:1]]
[2020.11.20-21.07.48:230][  0]LogConfig: Setting CVar [[r.MaxAnisotropy:8]]
[2020.11.20-21.07.48:230][  0]LogConfig: Setting CVar [[r.VT.MaxAnisotropy:8]]
[2020.11.20-21.07.48:230][  0]LogConfig: Setting CVar [[r.Streaming.LimitPoolSizeToVRAM:0]]
[2020.11.20-21.07.48:230][  0]LogConfig: Setting CVar [[r.Streaming.PoolSize:1000]]
[2020.11.20-21.07.48:230][  0]LogConfig: Setting CVar [[r.Streaming.MaxEffectiveScreenSize:0]]
[2020.11.20-21.07.48:230][  0]LogConfig: Applying CVar settings from Section [EffectsQuality@3] File [D:/3D/Unreal_projects/MRTK_playground_01/HL2_TaiChi/Saved/Config/Windows/Scalability.ini]
[2020.11.20-21.07.48:230][  0]LogConfig: Setting CVar [[r.TranslucencyLightingVolumeDim:64]]
[2020.11.20-21.07.48:230][  0]LogConfig: Setting CVar [[r.RefractionQuality:2]]
[2020.11.20-21.07.48:230][  0]LogConfig: Setting CVar [[r.SSR.Quality:3]]
[2020.11.20-21.07.48:231][  0]LogConfig: Setting CVar [[r.SSR.HalfResSceneColor:0]]
[2020.11.20-21.07.48:231][  0]LogConfig: Setting CVar [[r.SceneColorFormat:4]]
[2020.11.20-21.07.48:231][  0]LogConfig: Setting CVar [[r.DetailMode:2]]
[2020.11.20-21.07.48:231][  0]LogConfig: Setting CVar [[r.TranslucencyVolumeBlur:1]]
[2020.11.20-21.07.48:231][  0]LogConfig: Setting CVar [[r.MaterialQualityLevel:1 ; High quality]]
[2020.11.20-21.07.48:231][  0]LogConfig: Setting CVar [[r.SSS.Scale:1]]
[2020.11.20-21.07.48:231][  0]LogConfig: Setting CVar [[r.SSS.SampleSet:2]]
[2020.11.20-21.07.48:231][  0]LogConfig: Setting CVar [[r.SSS.Quality:1]]
[2020.11.20-21.07.48:231][  0]LogConfig: Setting CVar [[r.SSS.HalfRes:0]]
[2020.11.20-21.07.48:231][  0]LogConfig: Setting CVar [[r.SSGI.Quality:3]]
[2020.11.20-21.07.48:231][  0]LogConfig: Setting CVar [[r.EmitterSpawnRateScale:1.0]]
[2020.11.20-21.07.48:231][  0]LogConfig: Setting CVar [[r.ParticleLightQuality:2]]
[2020.11.20-21.07.48:231][  0]LogConfig: Setting CVar [[r.SkyAtmosphere.AerialPerspectiveLUT.FastApplyOnOpaque:1 ; Always have FastSkyLUT 1 in this case to avoid wrong sky]]
[2020.11.20-21.07.48:231][  0]LogConfig: Setting CVar [[r.SkyAtmosphere.AerialPerspectiveLUT.SampleCountPerSlice:1]]
[2020.11.20-21.07.48:231][  0]LogConfig: Setting CVar [[r.SkyAtmosphere.AerialPerspectiveLUT.DepthResolution:16.0]]
[2020.11.20-21.07.48:231][  0]LogConfig: Setting CVar [[r.SkyAtmosphere.FastSkyLUT:1]]
[2020.11.20-21.07.48:231][  0]LogConfig: Setting CVar [[r.SkyAtmosphere.FastSkyLUT.SampleCountMin:4.0]]
[2020.11.20-21.07.48:231][  0]LogConfig: Setting CVar [[r.SkyAtmosphere.FastSkyLUT.SampleCountMax:32.0]]
[2020.11.20-21.07.48:231][  0]LogConfig: Setting CVar [[r.SkyAtmosphere.SampleCountMin:4.0]]
[2020.11.20-21.07.48:231][  0]LogConfig: Setting CVar [[r.SkyAtmosphere.SampleCountMax:32.0]]
[2020.11.20-21.07.48:231][  0]LogConfig: Setting CVar [[r.SkyAtmosphere.TransmittanceLUT.UseSmallFormat:0]]
[2020.11.20-21.07.48:231][  0]LogConfig: Setting CVar [[r.SkyAtmosphere.TransmittanceLUT.SampleCount:10.0]]
[2020.11.20-21.07.48:231][  0]LogConfig: Setting CVar [[r.SkyAtmosphere.MultiScatteringLUT.SampleCount:15.0]]
[2020.11.20-21.07.48:231][  0]LogConfig: Applying CVar settings from Section [FoliageQuality@3] File [D:/3D/Unreal_projects/MRTK_playground_01/HL2_TaiChi/Saved/Config/Windows/Scalability.ini]
[2020.11.20-21.07.48:231][  0]LogConfig: Setting CVar [[foliage.DensityScale:1.0]]
[2020.11.20-21.07.48:231][  0]LogConfig: Setting CVar [[grass.DensityScale:1.0]]
[2020.11.20-21.07.48:231][  0]LogConfig: Applying CVar settings from Section [ShadingQuality@3] File [D:/3D/Unreal_projects/MRTK_playground_01/HL2_TaiChi/Saved/Config/Windows/Scalability.ini]
[2020.11.20-21.07.48:231][  0]LogConfig: Setting CVar [[r.HairStrands.SkyLighting.SampleCount:16]]
[2020.11.20-21.07.48:231][  0]LogConfig: Setting CVar [[r.HairStrands.SkyLighting.JitterIntegration:0]]
[2020.11.20-21.07.48:231][  0]LogConfig: Setting CVar [[r.HairStrands.SkyAO.SampleCount:16]]
[2020.11.20-21.07.48:231][  0]LogConfig: Setting CVar [[r.HairStrands.DeepShadow.SuperSampling:0]]
[2020.11.20-21.07.48:231][  0]LogConfig: Setting CVar [[r.HairStrands.VisibilityPPLL:0]]
[2020.11.20-21.07.48:231][  0]LogConfig: Setting CVar [[r.HairStrands.RasterizationScale:0.5]]
[2020.11.20-21.07.48:231][  0]LogConfig: Setting CVar [[r.HairStrands.VelocityRasterizationScale:1]]
[2020.11.20-21.07.48:231][  0]LogConfig: Applying CVar settings from Section [Startup] File [../../../Engine/Config/ConsoleVariables.ini]
[2020.11.20-21.07.48:231][  0]LogConfig: Setting CVar [[net.UseAdaptiveNetUpdateFrequency:0]]
[2020.11.20-21.07.48:231][  0]LogConfig: Setting CVar [[p.chaos.AllowCreatePhysxBodies:1]]
[2020.11.20-21.07.48:231][  0]LogConfig: Setting CVar [[fx.SkipVectorVMBackendOptimizations:1]]
[2020.11.20-21.07.48:231][  0]LogConfig: Applying CVar settings from Section [ConsoleVariables] File [D:/3D/Unreal_projects/MRTK_playground_01/HL2_TaiChi/Saved/Config/Windows/Engine.ini]
[2020.11.20-21.07.48:231][  0]LogInit: Computer: DESKTOP-NP9PC5C
[2020.11.20-21.07.48:231][  0]LogInit: User: marti
[2020.11.20-21.07.48:231][  0]LogInit: CPU Page size=4096, Cores=6
[2020.11.20-21.07.48:231][  0]LogInit: High frequency timer resolution =10.000000 MHz
[2020.11.20-21.07.48:231][  0]LogMemory: Memory total: Physical=31.9GB (32GB approx)
[2020.11.20-21.07.48:231][  0]LogMemory: Platform Memory Stats for Windows
[2020.11.20-21.07.48:231][  0]LogMemory: Process Physical Memory: 127.48 MB used, 127.48 MB peak
[2020.11.20-21.07.48:231][  0]LogMemory: Process Virtual Memory: 107.63 MB used, 107.63 MB peak
[2020.11.20-21.07.48:232][  0]LogMemory: Physical Memory: 7495.99 MB used,  25128.46 MB free, 32624.45 MB total
[2020.11.20-21.07.48:232][  0]LogMemory: Virtual Memory: 5208.84 MB used,  134212520.00 MB free, 134217728.00 MB total
[2020.11.20-21.07.48:237][  0]LogWindows: WindowsPlatformFeatures enabled
[2020.11.20-21.07.48:276][  0]LogInit: Physics initialised using underlying interface: PhysX
[2020.11.20-21.07.48:277][  0]LogInit: Using OS detected language (en-GB).
[2020.11.20-21.07.48:277][  0]LogInit: Using OS detected locale (en-DE).
[2020.11.20-21.07.48:280][  0]LogTextLocalizationManager: No specific localization for 'en-GB' exists, so the 'en' localization will be used.
[2020.11.20-21.07.48:470][  0]LogInit: Setting process to per monitor DPI aware
[2020.11.20-21.07.48:528][  0]LogSlate: New Slate User Created.  User Index 0, Is Virtual User: 0
[2020.11.20-21.07.48:528][  0]LogSlate: Slate User Registered.  User Index 0, Is Virtual User: 0
[2020.11.20-21.07.48:845][  0]LogD3D11RHI: D3D11 min allowed feature level: 11_0
[2020.11.20-21.07.48:845][  0]LogD3D11RHI: D3D11 max allowed feature level: 11_0
[2020.11.20-21.07.48:845][  0]LogD3D11RHI: D3D11 adapters:
[2020.11.20-21.07.48:945][  0]LogD3D11RHI:    0. 'NVIDIA GeForce RTX 2070' (Feature Level 11_0)
[2020.11.20-21.07.48:946][  0]LogD3D11RHI:       8031/0/16312 MB DedicatedVideo/DedicatedSystem/SharedSystem, Outputs:1, VendorId:0x10de
[2020.11.20-21.07.48:983][  0]LogD3D11RHI:    1. 'Intel(R) UHD Graphics 630' (Feature Level 11_0)
[2020.11.20-21.07.48:983][  0]LogD3D11RHI:       128/0/16312 MB DedicatedVideo/DedicatedSystem/SharedSystem, Outputs:0, VendorId:0x8086
[2020.11.20-21.07.48:986][  0]LogD3D11RHI:    2. 'Microsoft Basic Render Driver' (Feature Level 11_0)
[2020.11.20-21.07.48:986][  0]LogD3D11RHI:       0/0/16312 MB DedicatedVideo/DedicatedSystem/SharedSystem, Outputs:0, VendorId:0x1414
[2020.11.20-21.07.48:986][  0]LogD3D11RHI: Chosen D3D11 Adapter: 0
[2020.11.20-21.07.49:045][  0]LogD3D11RHI: Creating new Direct3DDevice
[2020.11.20-21.07.49:046][  0]LogD3D11RHI:     GPU DeviceId: 0x1f10 (for the marketing name, search the web for "GPU Device Id")
[2020.11.20-21.07.49:046][  0]LogWindows: EnumDisplayDevices:
[2020.11.20-21.07.49:046][  0]LogWindows:    0. 'Intel(R) UHD Graphics 630' (P:1 D:1)
[2020.11.20-21.07.49:046][  0]LogWindows:    1. 'Intel(R) UHD Graphics 630' (P:0 D:0)
[2020.11.20-21.07.49:046][  0]LogWindows:    2. 'Intel(R) UHD Graphics 630' (P:0 D:0)
[2020.11.20-21.07.49:047][  0]LogWindows:    3. 'NVIDIA GeForce RTX 2070' (P:0 D:0)
[2020.11.20-21.07.49:047][  0]LogWindows:    4. 'NVIDIA GeForce RTX 2070' (P:0 D:0)
[2020.11.20-21.07.49:047][  0]LogWindows:    5. 'NVIDIA GeForce RTX 2070' (P:0 D:0)
[2020.11.20-21.07.49:047][  0]LogWindows:    6. 'NVIDIA GeForce RTX 2070' (P:0 D:0)
[2020.11.20-21.07.49:048][  0]LogWindows: DebugString: PrimaryIsNotTheChoosenAdapter PrimaryIsNotTheChoosenAdapter PrimaryIsNotTheChoosenAdapter FoundDriverCount:4 
[2020.11.20-21.07.49:048][  0]LogD3D11RHI:     Adapter Name: NVIDIA GeForce RTX 2070
[2020.11.20-21.07.49:048][  0]LogD3D11RHI:   Driver Version: 446.14 (internal:26.21.14.4614, unified:446.14)
[2020.11.20-21.07.49:048][  0]LogD3D11RHI:      Driver Date: 5-15-2020
[2020.11.20-21.07.49:048][  0]LogRHI: Texture pool is 5621 MB (70% of 8031 MB)
[2020.11.20-21.07.49:096][  0]LogD3D11RHI: RHI has support for 64 bit atomics
[2020.11.20-21.07.49:096][  0]LogD3D11RHI: Async texture creation enabled
[2020.11.20-21.07.49:096][  0]LogD3D11RHI: Array index from any shader is supported
[2020.11.20-21.07.49:118][  0]LogD3D11RHI: GPU Timing Frequency: 1000.000000 (Debug: 2 1)
[2020.11.20-21.07.49:470][  0]LogTargetPlatformManager: Display: Loaded TargetPlatform 'AllDesktop'
[2020.11.20-21.07.49:492][  0]LogTargetPlatformManager: Display: Loaded TargetPlatform 'Android'
[2020.11.20-21.07.49:492][  0]LogTargetPlatformManager: Display: Loaded TargetPlatform 'Android_ASTC'
[2020.11.20-21.07.49:492][  0]LogTargetPlatformManager: Display: Loaded TargetPlatform 'Android_DXT'
[2020.11.20-21.07.49:492][  0]LogTargetPlatformManager: Display: Loaded TargetPlatform 'Android_ETC2'
[2020.11.20-21.07.49:492][  0]LogTargetPlatformManager: Display: Loaded TargetPlatform 'AndroidClient'
[2020.11.20-21.07.49:492][  0]LogTargetPlatformManager: Display: Loaded TargetPlatform 'Android_ASTCClient'
[2020.11.20-21.07.49:492][  0]LogTargetPlatformManager: Display: Loaded TargetPlatform 'Android_DXTClient'
[2020.11.20-21.07.49:492][  0]LogTargetPlatformManager: Display: Loaded TargetPlatform 'Android_ETC2Client'
[2020.11.20-21.07.49:492][  0]LogTargetPlatformManager: Display: Loaded TargetPlatform 'Android_Multi'
[2020.11.20-21.07.49:492][  0]LogTargetPlatformManager: Display: Loaded TargetPlatform 'Android_MultiClient'
[2020.11.20-21.07.49:721][  0]LogTargetPlatformManager: Display: Loaded TargetPlatform 'HoloLens'
[2020.11.20-21.07.49:746][  0]LogTargetPlatformManager: Display: Loaded TargetPlatform 'IOSClient'
[2020.11.20-21.07.49:746][  0]LogTargetPlatformManager: Display: Loaded TargetPlatform 'IOS'
[2020.11.20-21.07.49:756][  0]LogTargetPlatformManager: Display: Loaded TargetPlatform 'Linux'
[2020.11.20-21.07.49:765][  0]LogTargetPlatformManager: Display: Loaded TargetPlatform 'LinuxNoEditor'
[2020.11.20-21.07.49:776][  0]LogTargetPlatformManager: Display: Loaded TargetPlatform 'LinuxClient'
[2020.11.20-21.07.49:785][  0]LogTargetPlatformManager: Display: Loaded TargetPlatform 'LinuxServer'
[2020.11.20-21.07.49:794][  0]LogTargetPlatformManager: Display: Loaded TargetPlatform 'LinuxAArch64NoEditor'
[2020.11.20-21.07.49:805][  0]LogTargetPlatformManager: Display: Loaded TargetPlatform 'LinuxAArch64Client'
[2020.11.20-21.07.49:815][  0]LogTargetPlatformManager: Display: Loaded TargetPlatform 'LinuxAArch64Server'
[2020.11.20-21.07.49:844][  0]LogTargetPlatformManager: Display: Loaded TargetPlatform 'Lumin'
[2020.11.20-21.07.49:844][  0]LogTargetPlatformManager: Display: Loaded TargetPlatform 'LuminClient'
[2020.11.20-21.07.49:860][  0]LogTargetPlatformManager: Display: Loaded TargetPlatform 'TVOSClient'
[2020.11.20-21.07.49:860][  0]LogTargetPlatformManager: Display: Loaded TargetPlatform 'TVOS'
[2020.11.20-21.07.49:870][  0]LogTargetPlatformManager: Display: Loaded TargetPlatform 'WindowsNoEditor'
[2020.11.20-21.07.49:877][  0]LogTargetPlatformManager: Display: Loaded TargetPlatform 'Windows'
[2020.11.20-21.07.49:886][  0]LogTargetPlatformManager: Display: Loaded TargetPlatform 'WindowsClient'
[2020.11.20-21.07.49:895][  0]LogTargetPlatformManager: Display: Loaded TargetPlatform 'WindowsServer'
[2020.11.20-21.07.49:895][  0]LogTargetPlatformManager: Display: Building Assets For Windows
[2020.11.20-21.07.49:903][  0]LogAudioDebug: Display: Lib vorbis DLL was dynamically loaded.
[2020.11.20-21.07.49:958][  0]LogShaderCompilers: Guid format shader working directory is -21 characters bigger than the processId version (../../../../../../3D/Unreal_projects/MRTK_playground_01/HL2_TaiChi/Intermediate/Shaders/WorkingDirectory/23300/).
[2020.11.20-21.07.49:958][  0]LogShaderCompilers: Cleaned the shader compiler working directory 'C:/Users/marti/AppData/Local/Temp/UnrealShaderWorkingDir/B8E3977246DB25209FCB249AD05C918B/'.
[2020.11.20-21.07.49:959][  0]LogXGEController: Cannot use XGE Controller as Incredibuild is not installed on this machine.
[2020.11.20-21.07.49:959][  0]LogShaderCompilers: Cannot use XGE Shader Compiler as Incredibuild is not installed on this machine.
[2020.11.20-21.07.49:959][  0]LogShaderCompilers: Display: Using Local Shader Compiler.
[2020.11.20-21.07.50:801][  0]LogDerivedDataCache: Display: Max Cache Size: 512 MB
[2020.11.20-21.07.50:864][  0]LogDerivedDataCache: Loaded boot cache 0.06s 100MB C:/Users/marti/AppData/Local/UnrealEngine/4.25/DerivedDataCache/Boot.ddc.
[2020.11.20-21.07.50:865][  0]LogDerivedDataCache: Display: Loaded Boot cache: C:/Users/marti/AppData/Local/UnrealEngine/4.25/DerivedDataCache/Boot.ddc
[2020.11.20-21.07.50:865][  0]LogDerivedDataCache: FDerivedDataBackendGraph:  Pak pak cache file ../../../../../../3D/Unreal_projects/MRTK_playground_01/HL2_TaiChi/DerivedDataCache/DDC.ddp not found, will not use a pak cache.
[2020.11.20-21.07.50:865][  0]LogDerivedDataCache: Unable to find inner node Pak for hierarchical cache Hierarchy.
[2020.11.20-21.07.50:865][  0]LogDerivedDataCache: FDerivedDataBackendGraph:  CompressedPak pak cache file ../../../../../../3D/Unreal_projects/MRTK_playground_01/HL2_TaiChi/DerivedDataCache/Compressed.ddp not found, will not use a pak cache.
[2020.11.20-21.07.50:865][  0]LogDerivedDataCache: Unable to find inner node CompressedPak for hierarchical cache Hierarchy.
[2020.11.20-21.07.50:875][  0]LogDerivedDataCache: Display: Pak cache opened for reading ../../../Engine/DerivedDataCache/Compressed.ddp.
[2020.11.20-21.07.50:875][  0]LogDerivedDataCache: FDerivedDataBackendGraph:  EnterprisePak pak cache file ../../../Enterprise/DerivedDataCache/Compressed.ddp not found, will not use a pak cache.
[2020.11.20-21.07.50:875][  0]LogDerivedDataCache: Unable to find inner node EnterprisePak for hierarchical cache Hierarchy.
[2020.11.20-21.07.50:876][  0]LogDerivedDataCache: Using Local data cache path C:/Users/marti/AppData/Local/UnrealEngine/Common/DerivedDataCache: Writable
[2020.11.20-21.07.50:877][  0]LogDerivedDataCache: Shared data cache path not found in *engine.ini, will not use an Shared cache.
[2020.11.20-21.07.50:877][  0]LogDerivedDataCache: Unable to find inner node Shared for hierarchical cache Hierarchy.
[2020.11.20-21.07.50:932][  0]LogSlate: Using FreeType 2.10.0
[2020.11.20-21.07.50:933][  0]LogSlate: SlateFontServices - WITH_FREETYPE: 1, WITH_HARFBUZZ: 1
[2020.11.20-21.07.50:965][  0]LogAssetRegistry: FAssetRegistry took 0.0029 seconds to start up
[2020.11.20-21.07.51:216][  0]LogInit: Selected Device Profile: [Windows]
[2020.11.20-21.07.51:342][  0]LogMeshReduction: Using QuadricMeshReduction for automatic static mesh reduction
[2020.11.20-21.07.51:342][  0]LogMeshReduction: Using SimplygonMeshReduction for automatic skeletal mesh reduction
[2020.11.20-21.07.51:342][  0]LogMeshReduction: Using ProxyLODMeshReduction for automatic mesh merging
[2020.11.20-21.07.51:342][  0]LogMeshReduction: No distributed automatic mesh merging module available
[2020.11.20-21.07.51:342][  0]LogMeshMerging: No distributed automatic mesh merging module available
[2020.11.20-21.07.51:357][  0]LogNetVersion: playground_001 1.0.0, NetCL: 13144385, EngineNetVer: 14, GameNetVer: 0 (Checksum: 1290805046)
[2020.11.20-21.07.51:842][  0]LogAISub: UAISubsystem::UAISubsystem AISubsystem (00000161E6FAA180), frame # 0
[2020.11.20-21.07.51:842][  0]LogAISub: UAISubsystem::UAISubsystem AIPerceptionSystem (00000161E6F05080), frame # 0
[2020.11.20-21.07.51:843][  0]LogAISub: UAISubsystem::UAISubsystem EnvQueryManager (00000161E6F5DE00), frame # 0
[2020.11.20-21.07.52:528][  0]LogPackageLocalizationCache: Processed 22 localized package path(s) for 1 prioritized culture(s) in 0.081846 seconds
[2020.11.20-21.07.52:533][  0]LogUObjectArray: 16694 objects as part of root set at end of initial load.
[2020.11.20-21.07.52:533][  0]LogUObjectAllocator: 4226648 out of 0 bytes used by permanent object pool.
[2020.11.20-21.07.52:533][  0]LogUObjectArray: CloseDisregardForGC: 0/0 objects in disregard for GC pool
[2020.11.20-21.07.52:821][  0]LogTcpMessaging: Initializing TcpMessaging bridge
[2020.11.20-21.07.52:825][  0]LogUdpMessaging: Initializing bridge on interface 0.0.0.0:0 to multicast group 230.0.0.1:6666.
[2020.11.20-21.07.55:003][  0]SourceControl: Source control is disabled
[2020.11.20-21.07.55:003][  0]SourceControl: Source control is disabled
[2020.11.20-21.07.55:006][  0]SourceControl: Source control is disabled
[2020.11.20-21.07.55:009][  0]SourceControl: Source control is disabled
[2020.11.20-21.07.55:015][  0]SourceControl: Source control is disabled
[2020.11.20-21.07.55:230][  0]LogAndroidPermission: UAndroidPermissionCallbackProxy::GetInstance
[2020.11.20-21.07.55:249][  0]LogAudioCaptureCore: Display: No Audio Capture implementations found. Audio input will be silent.
[2020.11.20-21.07.55:249][  0]LogAudioCaptureCore: Display: No Audio Capture implementations found. Audio input will be silent.
[2020.11.20-21.07.55:298][  0]LogOcInput: OculusInput pre-init called
[2020.11.20-21.07.55:307][  0]LogWindows: Failed to load 'OVRPlugin.dll' (GetLastError=126)
[2020.11.20-21.07.55:307][  0]LogWindows: File 'OVRPlugin.dll' does not exist
[2020.11.20-21.07.55:384][  0]LogEngine: Initializing Engine...
[2020.11.20-21.07.55:428][  0]LogHMD: Failed to initialize OpenVR with code 108
[2020.11.20-21.07.55:454][  0]LogHoloLensAR: HoloLens AR system has been initialized
[2020.11.20-21.07.55:456][  0]LogStats: UGameplayTagsManager::InitializeManager -  0.000 s
[2020.11.20-21.07.55:564][  0]LogInit: Initializing FReadOnlyCVARCache
[2020.11.20-21.07.55:574][  0]LogAIModule: Creating AISystem for world Untitled
[2020.11.20-21.07.55:574][  0]LogAISub: UAISubsystem::UAISubsystem EnvQueryManager (00000161EF06DA00), frame # 0
[2020.11.20-21.07.55:574][  0]LogAISub: UAISubsystem::UAISubsystem AIPerceptionSystem (00000161EF0A8900), frame # 0
[2020.11.20-21.07.55:591][  0]LogAudioMixer: Display: Audio Mixer Platform Settings:
[2020.11.20-21.07.55:591][  0]LogAudioMixer: Display: 	Sample Rate:						  48000
[2020.11.20-21.07.55:591][  0]LogAudioMixer: Display: 	Callback Buffer Frame Size Requested: 1024
[2020.11.20-21.07.55:591][  0]LogAudioMixer: Display: 	Callback Buffer Frame Size To Use:	  1024
[2020.11.20-21.07.55:591][  0]LogAudioMixer: Display: 	Number of buffers to queue:			  2
[2020.11.20-21.07.55:591][  0]LogAudioMixer: Display: 	Max Channels (voices):				  32
[2020.11.20-21.07.55:591][  0]LogAudioMixer: Display: 	Number of Async Source Workers:		  0
[2020.11.20-21.07.55:591][  0]LogAudio: Display: AudioDevice MaxSources: 32
[2020.11.20-21.07.55:591][  0]LogAudio: Display: Using built-in audio occlusion.
[2020.11.20-21.07.55:591][  0]LogAudioMixer: Display: Initializing audio mixer.
[2020.11.20-21.07.55:612][  0]LogAudioMixer: Display: 0: FrontLeft
[2020.11.20-21.07.55:612][  0]LogAudioMixer: Display: 1: FrontRight
[2020.11.20-21.07.55:947][  0]LogAudioMixer: Display: Using Audio Device Speakers (Realtek(R) Audio)
[2020.11.20-21.07.55:947][  0]LogAudioMixer: Display: Initializing Sound Submixes...
[2020.11.20-21.07.55:950][  0]LogAudioMixer: Display: Creating Master Submix 'MasterSubmixDefault'
[2020.11.20-21.07.55:950][  0]LogAudioMixer: Display: Creating Master Submix 'MasterReverbSubmixDefault'
[2020.11.20-21.07.55:951][  0]LogAudioMixer: Display: Creating Master Submix 'MasterEQSubmixDefault'
[2020.11.20-21.07.55:952][  0]LogInit: FAudioDevice initialized.
[2020.11.20-21.07.55:952][  0]LogNetVersion: Set ProjectVersion to 1.0.0.0. Version Checksum will be recalculated on next use.
[2020.11.20-21.07.56:018][  0]LogDerivedDataCache: Saved boot cache 0.07s 100MB C:/Users/marti/AppData/Local/UnrealEngine/4.25/DerivedDataCache/Boot.ddc.
[2020.11.20-21.07.56:021][  0]LogInit: Texture streaming: Enabled
[2020.11.20-21.07.56:039][  0]LogEngineSessionManager: EngineSessionManager initialized
[2020.11.20-21.07.56:040][  0]LogEditorSessionSummary: Verbose: Initializing EditorSessionSummaryWriter for editor session tracking
[2020.11.20-21.07.56:042][  0]LogEditorSessionSummary: EditorSessionSummaryWriter initialized
[2020.11.20-21.07.56:094][  0]LogInit: Transaction tracking system initialized
[2020.11.20-21.07.56:112][  0]BlueprintLog: New page: Editor Load
[2020.11.20-21.07.56:165][  0]LocalizationService: Localization service is disabled
[2020.11.20-21.07.56:430][  0]LogCook: Display: Max memory allowance for cook 16384mb min free memory 0mb
[2020.11.20-21.07.56:430][  0]LogCook: Display: Mobile HDR setting 1
[2020.11.20-21.07.56:557][  0]LogFileCache: Scanning file cache for directory 'D:/3D/Unreal_projects/MRTK_playground_01/HL2_TaiChi/Content/' took 0.00s
[2020.11.20-21.07.57:096][  0]SourceControl: Source control is disabled
[2020.11.20-21.07.57:096][  0]LogUnrealEdMisc: Loading editor; pre map load, took 13.283
[2020.11.20-21.07.57:096][  0]Cmd: MAP LOAD FILE="../../../../../../3D/Unreal_projects/MRTK_playground_01/HL2_TaiChi/Content/levels/TaiChi_01.umap" TEMPLATE=0 SHOWPROGRESS=1 FEATURELEVEL=3
[2020.11.20-21.07.57:096][  0]LightingResults: New page: Lighting Build
[2020.11.20-21.07.57:097][  0]LogWorld: UWorld::CleanupWorld for Untitled, bSessionEnded=true, bCleanupResources=true
[2020.11.20-21.07.57:097][  0]LogSlate: InvalidateAllWidgets triggered.  All widgets were invalidated
[2020.11.20-21.07.57:097][  0]MapCheck: New page: Map Check
[2020.11.20-21.07.57:097][  0]LightingResults: New page: Lighting Build
[2020.11.20-21.07.57:112][  0]LogAISub: UAISubsystem::~UAISubsystem EnvQueryManager (00000161EF06DA00), frame # 0
[2020.11.20-21.07.57:112][  0]LogAISub: UAISubsystem::~UAISubsystem AIPerceptionSystem (00000161EF0A8900), frame # 0
[2020.11.20-21.07.57:113][  0]LogUObjectHash: Compacting FUObjectHashTables data took   1.06ms
[2020.11.20-21.07.58:639][  0]LogAIModule: Creating AISystem for world TaiChi_01
[2020.11.20-21.07.58:639][  0]LogAISub: UAISubsystem::UAISubsystem EnvQueryManager (00000161D6518600), frame # 0
[2020.11.20-21.07.58:639][  0]LogAISub: UAISubsystem::UAISubsystem AIPerceptionSystem (00000161EEBC4E00), frame # 0
[2020.11.20-21.07.58:647][  0]LogEditorServer: Finished looking for orphan Actors (0.000 secs)
[2020.11.20-21.07.58:661][  0]LogUObjectHash: Compacting FUObjectHashTables data took   0.91ms
[2020.11.20-21.07.58:661][  0]Cmd: MAP CHECKDEP NOCLEARLOG
[2020.11.20-21.07.58:661][  0]MapCheck: Map check complete: 0 Error(s), 0 Warning(s), took 0,065ms to complete.
[2020.11.20-21.07.58:662][  0]LogFileHelpers: Loading map 'TaiChi_01' took 1.565
[2020.11.20-21.07.58:664][  0]LogUnrealEdMisc: Total Editor Startup Time, took 14.850
[2020.11.20-21.07.58:769][  0]LogSlate: Updating window title bar state: overlay mode, drag disabled, window buttons hidden, title bar hidden
[2020.11.20-21.07.58:775][  0]LogSlate: Updating window title bar state: overlay mode, drag disabled, window buttons hidden, title bar hidden
[2020.11.20-21.07.58:781][  0]LogSlate: Updating window title bar state: overlay mode, drag disabled, window buttons hidden, title bar hidden
[2020.11.20-21.07.58:786][  0]LogSlate: Updating window title bar state: overlay mode, drag disabled, window buttons hidden, title bar hidden
[2020.11.20-21.07.58:792][  0]LogCollectionManager: Loaded 0 collections in 0.000932 seconds
[2020.11.20-21.07.58:805][  0]LogFileCache: Scanning file cache for directory 'D:/3D/Unreal_projects/MRTK_playground_01/HL2_TaiChi/Saved/Collections/' took 0.00s
[2020.11.20-21.07.58:806][  0]LogFileCache: Scanning file cache for directory 'D:/3D/Unreal_projects/MRTK_playground_01/HL2_TaiChi/Content/Developers/marti/Collections/' took 0.00s
[2020.11.20-21.07.58:806][  0]LogFileCache: Scanning file cache for directory 'D:/3D/Unreal_projects/MRTK_playground_01/HL2_TaiChi/Content/Collections/' took 0.00s
[2020.11.20-21.07.58:806][  0]LogContentBrowser: Native class hierarchy populated in 0.0087 seconds. Added 3581 classes and 896 folders.
[2020.11.20-21.07.58:809][  0]LogContentBrowser: Native class hierarchy updated for 'WidgetCarousel' in 0.0005 seconds. Added 0 classes and 0 folders.
[2020.11.20-21.08.00:152][  0]LogContentBrowser: Native class hierarchy updated for 'AddContentDialog' in 0.0004 seconds. Added 0 classes and 0 folders.
[2020.11.20-21.08.00:156][  0]LogContentBrowser: Native class hierarchy updated for 'SceneOutliner' in 0.0005 seconds. Added 2 classes and 0 folders.
[2020.11.20-21.08.00:307][  0]LogSlate: Took 0.000182 seconds to synchronously load lazily loaded font '../../../Engine/Content/Slate/Fonts/Roboto-Regular.ttf' (155K)
[2020.11.20-21.08.00:760][  0]LogSlate: Took 0.000271 seconds to synchronously load lazily loaded font '../../../Engine/Content/Slate/Fonts/Roboto-Bold.ttf' (160K)
[2020.11.20-21.08.00:796][  0]LogSlate: Took 0.030424 seconds to synchronously load lazily loaded font '../../../Engine/Content/Editor/Slate/Fonts/FontAwesome.ttf' (139K)
[2020.11.20-21.08.01:029][  0]LogRenderer: Reallocating scene render targets to support 1192x604 Format 10 NumSamples 1 (Frame:1).
[2020.11.20-21.08.01:157][  0]LogContentBrowser: Native class hierarchy updated for 'HierarchicalLODOutliner' in 0.0005 seconds. Added 0 classes and 0 folders.
[2020.11.20-21.08.01:158][  0]LogLoad: (Engine Initialization) Total time: 17.34 seconds
[2020.11.20-21.08.01:158][  0]LogLoad: (Engine Initialization) Total Blueprint compile time: 0.00 seconds
[2020.11.20-21.08.01:216][  0]LogAssetRegistry: Asset discovery search completed in 10.2523 seconds
[2020.11.20-21.08.01:221][  0]LogCollectionManager: Fixed up redirectors for 0 collections in 0.000003 seconds (updated 0 objects)
[2020.11.20-21.08.01:274][  0]LogContentStreaming: Texture pool size now 1000 MB
[2020.11.20-21.08.01:333][  0]LogSlate: Took 0.023907 seconds to synchronously load lazily loaded font '../../../Engine/Content/Slate/Fonts/Roboto-Light.ttf' (167K)
[2020.11.20-21.08.02:194][ 43]LogSlate: Took 0.000197 seconds to synchronously load lazily loaded font '../../../Engine/Content/Slate/Fonts/Roboto-Light.ttf' (167K)
[2020.11.20-21.08.23:535][476]LogSlate: Window 'Editor Preferences' being destroyed
[2020.11.20-21.08.23:541][476]LogSlate: Window 'Editor Preferences' being destroyed
[2020.11.20-21.08.24:738][543]LogSlate: Window 'Message Log' being destroyed
[2020.11.20-21.08.24:743][543]LogSlate: Window 'Message Log' being destroyed
[2020.11.20-21.08.26:934][674]LogTemp: Repeating last play command: Selected Viewport
[2020.11.20-21.08.26:946][674]LogPlayLevel: PlayLevel: No blueprints needed recompiling
[2020.11.20-21.08.27:137][674]LogContentBrowser: Native class hierarchy updated for 'TimeManagement' in 0.0005 seconds. Added 3 classes and 0 folders.
[2020.11.20-21.08.27:214][674]PIE: New page: PIE session: TaiChi_01 (20 Nov 2020, 23:08:27)
[2020.11.20-21.08.27:216][674]LogOnline: OSS: Creating online subsystem instance for: NULL
[2020.11.20-21.08.27:216][674]LogOnline: OSS: TryLoadSubsystemAndSetDefault: Loaded subsystem for module [NULL]
[2020.11.20-21.08.27:216][674]LogLinker: Warning: Failed to load '/Game/blueprints/MyGameInstance': Can't find file.
[2020.11.20-21.08.27:216][674]LogLinker: Warning: Failed to load '/Game/blueprints/MyGameInstance': Can't find file.
[2020.11.20-21.08.27:216][674]LogUObjectGlobals: Warning: Failed to find object 'Class /Game/blueprints/MyGameInstance.MyGameInstance_C'
[2020.11.20-21.08.27:216][674]LogPlayLevel: Creating play world package: /Game/levels/UEDPIE_0_TaiChi_01
[2020.11.20-21.08.27:218][674]LogPlayLevel: PIE: StaticDuplicateObject took: (0.001450s)
[2020.11.20-21.08.27:218][674]LogAIModule: Creating AISystem for world TaiChi_01
[2020.11.20-21.08.27:218][674]LogAISub: UAISubsystem::UAISubsystem EnvQueryManager (000001619D29F400), frame # 674
[2020.11.20-21.08.27:218][674]LogAISub: UAISubsystem::UAISubsystem AIPerceptionSystem (000001618B269E40), frame # 674
[2020.11.20-21.08.27:218][674]LogPlayLevel: PIE: World Init took: (0.000818s)
[2020.11.20-21.08.27:218][674]LogPlayLevel: PIE: Created PIE world by copying editor world from /Game/levels/TaiChi_01.TaiChi_01 to /Game/levels/UEDPIE_0_TaiChi_01.TaiChi_01 (0.002374s)
[2020.11.20-21.08.27:229][674]LogUObjectHash: Compacting FUObjectHashTables data took   0.55ms
[2020.11.20-21.08.27:239][674]LogAudioMixer: Display: Audio Mixer Platform Settings:
[2020.11.20-21.08.27:239][674]LogAudioMixer: Display: 	Sample Rate:						  48000
[2020.11.20-21.08.27:239][674]LogAudioMixer: Display: 	Callback Buffer Frame Size Requested: 1024
[2020.11.20-21.08.27:239][674]LogAudioMixer: Display: 	Callback Buffer Frame Size To Use:	  1024
[2020.11.20-21.08.27:239][674]LogAudioMixer: Display: 	Number of buffers to queue:			  2
[2020.11.20-21.08.27:239][674]LogAudioMixer: Display: 	Max Channels (voices):				  32
[2020.11.20-21.08.27:239][674]LogAudioMixer: Display: 	Number of Async Source Workers:		  0
[2020.11.20-21.08.27:239][674]LogAudio: Display: AudioDevice MaxSources: 32
[2020.11.20-21.08.27:239][674]LogAudio: Display: Using built-in audio occlusion.
[2020.11.20-21.08.27:239][674]LogAudioMixer: Display: Initializing audio mixer.
[2020.11.20-21.08.27:246][674]LogAudioMixer: Display: 0: FrontLeft
[2020.11.20-21.08.27:246][674]LogAudioMixer: Display: 1: FrontRight
[2020.11.20-21.08.27:419][674]LogAudioMixer: Display: Using Audio Device Speakers (Realtek(R) Audio)
[2020.11.20-21.08.27:419][674]LogAudioMixer: Display: Initializing Sound Submixes...
[2020.11.20-21.08.27:419][674]LogAudioMixer: Display: Creating Master Submix 'MasterSubmixDefault'
[2020.11.20-21.08.27:419][674]LogAudioMixer: Display: Creating Master Submix 'MasterReverbSubmixDefault'
[2020.11.20-21.08.27:419][674]LogAudioMixer: Display: Creating Master Submix 'MasterEQSubmixDefault'
[2020.11.20-21.08.27:437][674]LogInit: FAudioDevice initialized.
[2020.11.20-21.08.27:453][674]LogLoad: Game class is 'MRGameMode_C'
[2020.11.20-21.08.27:469][674]LogWorld: Bringing World /Game/levels/UEDPIE_0_TaiChi_01.TaiChi_01 up for play (max tick rate 60) at 2020.11.20-22.08.27
[2020.11.20-21.08.27:469][674]LogWorld: Bringing up level for play took: 0.000514
[2020.11.20-21.08.27:469][674]LogOnline: OSS: Creating online subsystem instance for: :Context_4
[2020.11.20-21.08.27:472][674]LogContentBrowser: Native class hierarchy updated for 'MovieSceneCapture' in 0.0005 seconds. Added 20 classes and 0 folders.
[2020.11.20-21.08.27:509][674]PIE: Server logged in
[2020.11.20-21.08.27:511][674]PIE: Play in editor total start time 0,567 seconds.
[2020.11.20-21.09.14:977][519]LogSlate: Updating window title bar state: overlay mode, drag disabled, window buttons hidden, title bar hidden
[2020.11.20-21.09.14:977][519]LogWorld: BeginTearingDown for /Game/levels/UEDPIE_0_TaiChi_01
[2020.11.20-21.09.15:251][519]LogWorld: UWorld::CleanupWorld for TaiChi_01, bSessionEnded=true, bCleanupResources=true
[2020.11.20-21.09.15:251][519]LogSlate: InvalidateAllWidgets triggered.  All widgets were invalidated
[2020.11.20-21.09.15:263][519]LogPlayLevel: Display: Shutting down PIE online subsystems
[2020.11.20-21.09.15:264][519]LogSlate: InvalidateAllWidgets triggered.  All widgets were invalidated
[2020.11.20-21.09.15:295][519]LogSlate: Updating window title bar state: overlay mode, drag disabled, window buttons hidden, title bar hidden
[2020.11.20-21.09.15:296][519]LogAISub: UAISubsystem::~UAISubsystem EnvQueryManager (000001619D29F400), frame # 3519
[2020.11.20-21.09.15:296][519]LogAISub: UAISubsystem::~UAISubsystem AIPerceptionSystem (000001618B269E40), frame # 3519
[2020.11.20-21.09.15:297][519]LogUObjectHash: Compacting FUObjectHashTables data took   0.75ms
[2020.11.20-21.09.15:411][520]LogPlayLevel: Display: Destroying online subsystem :Context_4
[2020.11.20-21.10.03:947][764]LogUObjectHash: Compacting FUObjectHashTables data took   0.66ms
[2020.11.20-21.10.30:829][764]LogSlate: Window 'Delete Assets' being destroyed
[2020.11.20-21.10.30:915][764]LogUObjectGlobals: Force Deleting 4 Package(s):
	Asset Name: /Game/models/tiachi_meshes/taichi_01.taichi_01
	Asset Name: /Game/models/tiachi_meshes/taichi_01_Anim.taichi_01_Anim
	Asset Name: /Game/models/tiachi_meshes/taichi_01_PhysicsAsset.taichi_01_PhysicsAsset
	Asset Name: /Game/models/tiachi_meshes/taichi_01_Skeleton.taichi_01_Skeleton
[2020.11.20-21.10.32:383][764]LogUObjectHash: Compacting FUObjectHashTables data took   0.71ms
[2020.11.20-21.10.32:402][764]LogUObjectHash: Compacting FUObjectHashTables data took   0.27ms
[2020.11.20-21.10.32:413][764]LogUObjectHash: Compacting FUObjectHashTables data took   0.30ms
[2020.11.20-21.10.32:425][764]LogUObjectHash: Compacting FUObjectHashTables data took   0.23ms
[2020.11.20-21.10.32:438][764]LogUObjectHash: Compacting FUObjectHashTables data took   0.66ms
[2020.11.20-21.10.32:448][764]LogUObjectHash: Compacting FUObjectHashTables data took   0.25ms
[2020.11.20-21.10.34:645][895]LogTemp: Repeating last play command: Selected Viewport
[2020.11.20-21.10.34:658][895]LogPlayLevel: PlayLevel: No blueprints needed recompiling
[2020.11.20-21.10.35:090][895]PIE: New page: PIE session: TaiChi_01 (20 Nov 2020, 23:10:35)
[2020.11.20-21.10.35:091][895]LogPlayLevel: Creating play world package: /Game/levels/UEDPIE_0_TaiChi_01
[2020.11.20-21.10.35:092][895]LogPlayLevel: PIE: StaticDuplicateObject took: (0.001417s)
[2020.11.20-21.10.35:093][895]LogAIModule: Creating AISystem for world TaiChi_01
[2020.11.20-21.10.35:093][895]LogAISub: UAISubsystem::UAISubsystem EnvQueryManager (00000161A057E200), frame # 5895
[2020.11.20-21.10.35:093][895]LogAISub: UAISubsystem::UAISubsystem AIPerceptionSystem (00000161EA8ECA40), frame # 5895
[2020.11.20-21.10.35:093][895]LogPlayLevel: PIE: World Init took: (0.000803s)
[2020.11.20-21.10.35:093][895]LogPlayLevel: PIE: Created PIE world by copying editor world from /Game/levels/TaiChi_01.TaiChi_01 to /Game/levels/UEDPIE_0_TaiChi_01.TaiChi_01 (0.002303s)
[2020.11.20-21.10.35:104][895]LogUObjectHash: Compacting FUObjectHashTables data took   0.58ms
[2020.11.20-21.10.35:105][895]LogAudioMixer: Display: Audio Mixer Platform Settings:
[2020.11.20-21.10.35:105][895]LogAudioMixer: Display: 	Sample Rate:						  48000
[2020.11.20-21.10.35:105][895]LogAudioMixer: Display: 	Callback Buffer Frame Size Requested: 1024
[2020.11.20-21.10.35:105][895]LogAudioMixer: Display: 	Callback Buffer Frame Size To Use:	  1024
[2020.11.20-21.10.35:105][895]LogAudioMixer: Display: 	Number of buffers to queue:			  2
[2020.11.20-21.10.35:105][895]LogAudioMixer: Display: 	Max Channels (voices):				  32
[2020.11.20-21.10.35:105][895]LogAudioMixer: Display: 	Number of Async Source Workers:		  0
[2020.11.20-21.10.35:105][895]LogAudio: Display: AudioDevice MaxSources: 32
[2020.11.20-21.10.35:106][895]LogAudio: Display: Using built-in audio occlusion.
[2020.11.20-21.10.35:106][895]LogAudioMixer: Display: Initializing audio mixer.
[2020.11.20-21.10.35:112][895]LogAudioMixer: Display: 0: FrontLeft
[2020.11.20-21.10.35:112][895]LogAudioMixer: Display: 1: FrontRight
[2020.11.20-21.10.35:128][895]LogAudioMixer: Display: Using Audio Device Speakers (Realtek(R) Audio)
[2020.11.20-21.10.35:128][895]LogAudioMixer: Display: Initializing Sound Submixes...
[2020.11.20-21.10.35:128][895]LogAudioMixer: Display: Creating Master Submix 'MasterSubmixDefault'
[2020.11.20-21.10.35:128][895]LogAudioMixer: Display: Creating Master Submix 'MasterReverbSubmixDefault'
[2020.11.20-21.10.35:128][895]LogAudioMixer: Display: Creating Master Submix 'MasterEQSubmixDefault'
[2020.11.20-21.10.35:143][895]LogInit: FAudioDevice initialized.
[2020.11.20-21.10.35:150][895]LogLoad: Game class is 'MRGameMode_C'
[2020.11.20-21.10.35:151][895]LogWorld: Bringing World /Game/levels/UEDPIE_0_TaiChi_01.TaiChi_01 up for play (max tick rate 60) at 2020.11.20-22.10.35
[2020.11.20-21.10.35:151][895]LogWorld: Bringing up level for play took: 0.000347
[2020.11.20-21.10.35:151][895]LogOnline: OSS: Creating online subsystem instance for: :Context_5
[2020.11.20-21.10.35:155][895]PIE: Server logged in
[2020.11.20-21.10.35:156][895]PIE: Play in editor total start time 0,499 seconds.
[2020.11.20-21.10.54:298][ 42]LogSlate: Updating window title bar state: overlay mode, drag disabled, window buttons hidden, title bar hidden
[2020.11.20-21.10.54:298][ 42]LogWorld: BeginTearingDown for /Game/levels/UEDPIE_0_TaiChi_01
[2020.11.20-21.10.54:298][ 42]LogWorld: UWorld::CleanupWorld for TaiChi_01, bSessionEnded=true, bCleanupResources=true
[2020.11.20-21.10.54:298][ 42]LogSlate: InvalidateAllWidgets triggered.  All widgets were invalidated
[2020.11.20-21.10.54:308][ 42]LogPlayLevel: Display: Shutting down PIE online subsystems
[2020.11.20-21.10.54:309][ 42]LogSlate: InvalidateAllWidgets triggered.  All widgets were invalidated
[2020.11.20-21.10.54:339][ 42]LogSlate: Updating window title bar state: overlay mode, drag disabled, window buttons hidden, title bar hidden
[2020.11.20-21.10.54:340][ 42]LogAISub: UAISubsystem::~UAISubsystem AIPerceptionSystem (00000161EA8ECA40), frame # 7042
[2020.11.20-21.10.54:340][ 42]LogAISub: UAISubsystem::~UAISubsystem EnvQueryManager (00000161A057E200), frame # 7042
[2020.11.20-21.10.54:341][ 42]LogUObjectHash: Compacting FUObjectHashTables data took   0.60ms
[2020.11.20-21.10.54:391][ 44]LogPlayLevel: Display: Destroying online subsystem :Context_5
